[2026-01-17 01:00:00] =========================================
[2026-01-17 01:00:00] =========================================
[2026-01-17 01:00:00] Starting hourly deployment
[2026-01-17 01:00:00] Starting hourly deployment
[2026-01-17 01:00:00] =========================================
[2026-01-17 01:00:00] =========================================
[2026-01-17 01:00:00] Running: /Users/juliocasalmartin/Library/CloudStorage/Dropbox/Julio/TrendAnalyzer/deploy.sh
[2026-01-17 01:00:00] Running: /Users/juliocasalmartin/Library/CloudStorage/Dropbox/Julio/TrendAnalyzer/deploy.sh
[2026-01-17 01:00:00] /Users/juliocasalmartin/Library/CloudStorage/Dropbox/Julio/TrendAnalyzer/deploy.sh: line 5: node: command not found
[2026-01-17 01:00:00] /Users/juliocasalmartin/Library/CloudStorage/Dropbox/Julio/TrendAnalyzer/deploy.sh: line 5: node: command not found
[2026-01-17 01:00:00] ❌ Hourly deployment failed with exit code: 127
[2026-01-17 01:00:00] ❌ Hourly deployment failed with exit code: 127
[2026-01-17 01:00:00] =========================================
[2026-01-17 01:00:00] =========================================
[2026-01-17 01:00:00] 
[2026-01-17 01:00:00] 
[2026-01-17 02:00:00] =========================================
[2026-01-17 02:00:00] =========================================
[2026-01-17 02:00:00] Starting hourly deployment
[2026-01-17 02:00:00] Starting hourly deployment
[2026-01-17 02:00:00] =========================================
[2026-01-17 02:00:00] =========================================
[2026-01-17 02:00:00] Running: /Users/juliocasalmartin/Library/CloudStorage/Dropbox/Julio/TrendAnalyzer/deploy.sh
[2026-01-17 02:00:00] Running: /Users/juliocasalmartin/Library/CloudStorage/Dropbox/Julio/TrendAnalyzer/deploy.sh
[2026-01-17 02:00:01] /Users/juliocasalmartin/Library/CloudStorage/Dropbox/Julio/TrendAnalyzer/deploy.sh: line 5: node: command not found
[2026-01-17 02:00:01] /Users/juliocasalmartin/Library/CloudStorage/Dropbox/Julio/TrendAnalyzer/deploy.sh: line 5: node: command not found
[2026-01-17 02:00:01] ❌ Hourly deployment failed with exit code: 127
[2026-01-17 02:00:01] ❌ Hourly deployment failed with exit code: 127
[2026-01-17 02:00:01] =========================================
[2026-01-17 02:00:01] =========================================
[2026-01-17 02:00:01] 
[2026-01-17 02:00:01] 
[2026-01-17 03:00:00] =========================================
[2026-01-17 03:00:00] =========================================
[2026-01-17 03:00:00] Starting hourly deployment
[2026-01-17 03:00:00] Starting hourly deployment
[2026-01-17 03:00:00] =========================================
[2026-01-17 03:00:00] =========================================
[2026-01-17 03:00:00] Running: /Users/juliocasalmartin/Library/CloudStorage/Dropbox/Julio/TrendAnalyzer/deploy.sh
[2026-01-17 03:00:00] Running: /Users/juliocasalmartin/Library/CloudStorage/Dropbox/Julio/TrendAnalyzer/deploy.sh
[2026-01-17 03:00:00] /Users/juliocasalmartin/Library/CloudStorage/Dropbox/Julio/TrendAnalyzer/deploy.sh: line 5: node: command not found
[2026-01-17 03:00:00] /Users/juliocasalmartin/Library/CloudStorage/Dropbox/Julio/TrendAnalyzer/deploy.sh: line 5: node: command not found
[2026-01-17 03:00:00] ❌ Hourly deployment failed with exit code: 127
[2026-01-17 03:00:00] ❌ Hourly deployment failed with exit code: 127
[2026-01-17 03:00:00] =========================================
[2026-01-17 03:00:00] =========================================
[2026-01-17 03:00:00] 
[2026-01-17 03:00:00] 
[2026-01-17 04:00:00] =========================================
[2026-01-17 04:00:00] =========================================
[2026-01-17 04:00:00] Starting hourly deployment
[2026-01-17 04:00:00] Starting hourly deployment
[2026-01-17 04:00:00] =========================================
[2026-01-17 04:00:00] =========================================
[2026-01-17 04:00:00] Running: /Users/juliocasalmartin/Library/CloudStorage/Dropbox/Julio/TrendAnalyzer/deploy.sh
[2026-01-17 04:00:00] Running: /Users/juliocasalmartin/Library/CloudStorage/Dropbox/Julio/TrendAnalyzer/deploy.sh
[2026-01-17 04:00:00] /Users/juliocasalmartin/Library/CloudStorage/Dropbox/Julio/TrendAnalyzer/deploy.sh: line 5: node: command not found
[2026-01-17 04:00:00] /Users/juliocasalmartin/Library/CloudStorage/Dropbox/Julio/TrendAnalyzer/deploy.sh: line 5: node: command not found
[2026-01-17 04:00:00] ❌ Hourly deployment failed with exit code: 127
[2026-01-17 04:00:00] ❌ Hourly deployment failed with exit code: 127
[2026-01-17 04:00:00] =========================================
[2026-01-17 04:00:00] =========================================
[2026-01-17 04:00:00] 
[2026-01-17 04:00:00] 
[2026-01-17 05:00:00] =========================================
[2026-01-17 05:00:00] =========================================
[2026-01-17 05:00:00] Starting hourly deployment
[2026-01-17 05:00:00] Starting hourly deployment
[2026-01-17 05:00:00] =========================================
[2026-01-17 05:00:00] =========================================
[2026-01-17 05:00:00] Running: /Users/juliocasalmartin/Library/CloudStorage/Dropbox/Julio/TrendAnalyzer/deploy.sh
[2026-01-17 05:00:00] Running: /Users/juliocasalmartin/Library/CloudStorage/Dropbox/Julio/TrendAnalyzer/deploy.sh
[2026-01-17 05:00:00] /Users/juliocasalmartin/Library/CloudStorage/Dropbox/Julio/TrendAnalyzer/deploy.sh: line 5: node: command not found
[2026-01-17 05:00:00] /Users/juliocasalmartin/Library/CloudStorage/Dropbox/Julio/TrendAnalyzer/deploy.sh: line 5: node: command not found
[2026-01-17 05:00:00] ❌ Hourly deployment failed with exit code: 127
[2026-01-17 05:00:00] ❌ Hourly deployment failed with exit code: 127
[2026-01-17 05:00:00] =========================================
[2026-01-17 05:00:00] =========================================
[2026-01-17 05:00:00] 
[2026-01-17 05:00:00] 
[2026-01-17 06:00:00] =========================================
[2026-01-17 06:00:00] =========================================
[2026-01-17 06:00:00] Starting hourly deployment
[2026-01-17 06:00:00] Starting hourly deployment
[2026-01-17 06:00:00] =========================================
[2026-01-17 06:00:00] =========================================
[2026-01-17 06:00:00] Running: /Users/juliocasalmartin/Library/CloudStorage/Dropbox/Julio/TrendAnalyzer/deploy.sh
[2026-01-17 06:00:00] Running: /Users/juliocasalmartin/Library/CloudStorage/Dropbox/Julio/TrendAnalyzer/deploy.sh
[2026-01-17 06:00:00] /Users/juliocasalmartin/Library/CloudStorage/Dropbox/Julio/TrendAnalyzer/deploy.sh: line 5: node: command not found
[2026-01-17 06:00:00] /Users/juliocasalmartin/Library/CloudStorage/Dropbox/Julio/TrendAnalyzer/deploy.sh: line 5: node: command not found
[2026-01-17 06:00:00] ❌ Hourly deployment failed with exit code: 127
[2026-01-17 06:00:00] ❌ Hourly deployment failed with exit code: 127
[2026-01-17 06:00:00] =========================================
[2026-01-17 06:00:00] =========================================
[2026-01-17 06:00:00] 
[2026-01-17 06:00:00] 
[2026-01-17 07:00:01] =========================================
[2026-01-17 07:00:01] =========================================
[2026-01-17 07:00:01] Starting hourly deployment
[2026-01-17 07:00:01] Starting hourly deployment
[2026-01-17 07:00:01] =========================================
[2026-01-17 07:00:01] =========================================
[2026-01-17 07:00:01] Running: /Users/juliocasalmartin/Library/CloudStorage/Dropbox/Julio/TrendAnalyzer/deploy.sh
[2026-01-17 07:00:01] Running: /Users/juliocasalmartin/Library/CloudStorage/Dropbox/Julio/TrendAnalyzer/deploy.sh
[2026-01-17 07:00:01] /Users/juliocasalmartin/Library/CloudStorage/Dropbox/Julio/TrendAnalyzer/deploy.sh: line 5: node: command not found
[2026-01-17 07:00:01] /Users/juliocasalmartin/Library/CloudStorage/Dropbox/Julio/TrendAnalyzer/deploy.sh: line 5: node: command not found
[2026-01-17 07:00:01] ❌ Hourly deployment failed with exit code: 127
[2026-01-17 07:00:01] ❌ Hourly deployment failed with exit code: 127
[2026-01-17 07:00:01] =========================================
[2026-01-17 07:00:01] =========================================
[2026-01-17 07:00:01] 
[2026-01-17 07:00:01] 
[2026-01-17 08:00:01] =========================================
[2026-01-17 08:00:01] =========================================
[2026-01-17 08:00:01] Starting hourly deployment
[2026-01-17 08:00:01] Starting hourly deployment
[2026-01-17 08:00:01] =========================================
[2026-01-17 08:00:01] =========================================
[2026-01-17 08:00:01] Running: /Users/juliocasalmartin/Library/CloudStorage/Dropbox/Julio/TrendAnalyzer/deploy.sh
[2026-01-17 08:00:01] Running: /Users/juliocasalmartin/Library/CloudStorage/Dropbox/Julio/TrendAnalyzer/deploy.sh
[2026-01-17 08:00:01] /Users/juliocasalmartin/Library/CloudStorage/Dropbox/Julio/TrendAnalyzer/deploy.sh: line 5: node: command not found
[2026-01-17 08:00:01] /Users/juliocasalmartin/Library/CloudStorage/Dropbox/Julio/TrendAnalyzer/deploy.sh: line 5: node: command not found
[2026-01-17 08:00:01] ❌ Hourly deployment failed with exit code: 127
[2026-01-17 08:00:01] ❌ Hourly deployment failed with exit code: 127
[2026-01-17 08:00:01] =========================================
[2026-01-17 08:00:01] =========================================
[2026-01-17 08:00:01] 
[2026-01-17 08:00:01] 
[2026-01-17 09:00:00] =========================================
[2026-01-17 09:00:00] =========================================
[2026-01-17 09:00:00] Starting hourly deployment
[2026-01-17 09:00:00] Starting hourly deployment
[2026-01-17 09:00:00] =========================================
[2026-01-17 09:00:00] =========================================
[2026-01-17 09:00:00] Running: /Users/juliocasalmartin/Library/CloudStorage/Dropbox/Julio/TrendAnalyzer/deploy.sh
[2026-01-17 09:00:00] Running: /Users/juliocasalmartin/Library/CloudStorage/Dropbox/Julio/TrendAnalyzer/deploy.sh
[2026-01-17 09:00:00] /Users/juliocasalmartin/Library/CloudStorage/Dropbox/Julio/TrendAnalyzer/deploy.sh: line 5: node: command not found
[2026-01-17 09:00:00] /Users/juliocasalmartin/Library/CloudStorage/Dropbox/Julio/TrendAnalyzer/deploy.sh: line 5: node: command not found
[2026-01-17 09:00:00] ❌ Hourly deployment failed with exit code: 127
[2026-01-17 09:00:00] ❌ Hourly deployment failed with exit code: 127
[2026-01-17 09:00:00] =========================================
[2026-01-17 09:00:00] =========================================
[2026-01-17 09:00:00] 
[2026-01-17 09:00:00] 
[2026-01-17 10:00:00] =========================================
[2026-01-17 10:00:00] =========================================
[2026-01-17 10:00:00] Starting hourly deployment
[2026-01-17 10:00:00] Starting hourly deployment
[2026-01-17 10:00:00] =========================================
[2026-01-17 10:00:00] =========================================
[2026-01-17 10:00:00] Running: /Users/juliocasalmartin/Library/CloudStorage/Dropbox/Julio/TrendAnalyzer/deploy.sh
[2026-01-17 10:00:00] Running: /Users/juliocasalmartin/Library/CloudStorage/Dropbox/Julio/TrendAnalyzer/deploy.sh
[2026-01-17 10:00:00] /Users/juliocasalmartin/Library/CloudStorage/Dropbox/Julio/TrendAnalyzer/deploy.sh: line 5: node: command not found
[2026-01-17 10:00:00] /Users/juliocasalmartin/Library/CloudStorage/Dropbox/Julio/TrendAnalyzer/deploy.sh: line 5: node: command not found
[2026-01-17 10:00:00] ❌ Hourly deployment failed with exit code: 127
[2026-01-17 10:00:00] ❌ Hourly deployment failed with exit code: 127
[2026-01-17 10:00:00] =========================================
[2026-01-17 10:00:00] =========================================
[2026-01-17 10:00:00] 
[2026-01-17 10:00:00] 
[2026-01-17 11:00:00] =========================================
[2026-01-17 11:00:00] =========================================
[2026-01-17 11:00:00] Starting hourly deployment
[2026-01-17 11:00:00] Starting hourly deployment
[2026-01-17 11:00:00] =========================================
[2026-01-17 11:00:00] =========================================
[2026-01-17 11:00:00] Running: /Users/juliocasalmartin/Library/CloudStorage/Dropbox/Julio/TrendAnalyzer/deploy.sh
[2026-01-17 11:00:00] Running: /Users/juliocasalmartin/Library/CloudStorage/Dropbox/Julio/TrendAnalyzer/deploy.sh
[2026-01-17 11:00:00] /Users/juliocasalmartin/Library/CloudStorage/Dropbox/Julio/TrendAnalyzer/deploy.sh: line 5: node: command not found
[2026-01-17 11:00:00] /Users/juliocasalmartin/Library/CloudStorage/Dropbox/Julio/TrendAnalyzer/deploy.sh: line 5: node: command not found
[2026-01-17 11:00:00] ❌ Hourly deployment failed with exit code: 127
[2026-01-17 11:00:00] ❌ Hourly deployment failed with exit code: 127
[2026-01-17 11:00:00] =========================================
[2026-01-17 11:00:00] =========================================
[2026-01-17 11:00:00] 
[2026-01-17 11:00:00] 
[2026-01-17 12:00:00] =========================================
[2026-01-17 12:00:00] =========================================
[2026-01-17 12:00:00] Starting hourly deployment
[2026-01-17 12:00:00] Starting hourly deployment
[2026-01-17 12:00:00] =========================================
[2026-01-17 12:00:00] =========================================
[2026-01-17 12:00:00] Running: /Users/juliocasalmartin/Library/CloudStorage/Dropbox/Julio/TrendAnalyzer/deploy.sh
[2026-01-17 12:00:00] Running: /Users/juliocasalmartin/Library/CloudStorage/Dropbox/Julio/TrendAnalyzer/deploy.sh
[2026-01-17 12:00:00] /Users/juliocasalmartin/Library/CloudStorage/Dropbox/Julio/TrendAnalyzer/deploy.sh: line 5: node: command not found
[2026-01-17 12:00:00] /Users/juliocasalmartin/Library/CloudStorage/Dropbox/Julio/TrendAnalyzer/deploy.sh: line 5: node: command not found
[2026-01-17 12:00:00] ❌ Hourly deployment failed with exit code: 127
[2026-01-17 12:00:00] ❌ Hourly deployment failed with exit code: 127
[2026-01-17 12:00:00] =========================================
[2026-01-17 12:00:00] =========================================
[2026-01-17 12:00:00] 
[2026-01-17 12:00:00] 
[2026-01-17 13:00:00] =========================================
[2026-01-17 13:00:00] =========================================
[2026-01-17 13:00:00] Starting hourly deployment
[2026-01-17 13:00:00] Starting hourly deployment
[2026-01-17 13:00:00] =========================================
[2026-01-17 13:00:00] =========================================
[2026-01-17 13:00:00] Running: /Users/juliocasalmartin/Library/CloudStorage/Dropbox/Julio/TrendAnalyzer/deploy.sh
[2026-01-17 13:00:00] Running: /Users/juliocasalmartin/Library/CloudStorage/Dropbox/Julio/TrendAnalyzer/deploy.sh
[2026-01-17 13:00:00] /Users/juliocasalmartin/Library/CloudStorage/Dropbox/Julio/TrendAnalyzer/deploy.sh: line 5: node: command not found
[2026-01-17 13:00:00] /Users/juliocasalmartin/Library/CloudStorage/Dropbox/Julio/TrendAnalyzer/deploy.sh: line 5: node: command not found
[2026-01-17 13:00:00] ❌ Hourly deployment failed with exit code: 127
[2026-01-17 13:00:00] ❌ Hourly deployment failed with exit code: 127
[2026-01-17 13:00:00] =========================================
[2026-01-17 13:00:00] =========================================
[2026-01-17 13:00:00] 
[2026-01-17 13:00:00] 
[2026-01-17 14:00:01] =========================================
[2026-01-17 14:00:01] =========================================
[2026-01-17 14:00:01] Starting hourly deployment
[2026-01-17 14:00:01] Starting hourly deployment
[2026-01-17 14:00:01] =========================================
[2026-01-17 14:00:01] =========================================
[2026-01-17 14:00:01] Running: /Users/juliocasalmartin/Library/CloudStorage/Dropbox/Julio/TrendAnalyzer/deploy.sh
[2026-01-17 14:00:01] Running: /Users/juliocasalmartin/Library/CloudStorage/Dropbox/Julio/TrendAnalyzer/deploy.sh
[2026-01-17 14:00:01] /Users/juliocasalmartin/Library/CloudStorage/Dropbox/Julio/TrendAnalyzer/deploy.sh: line 5: node: command not found
[2026-01-17 14:00:01] /Users/juliocasalmartin/Library/CloudStorage/Dropbox/Julio/TrendAnalyzer/deploy.sh: line 5: node: command not found
[2026-01-17 14:00:01] ❌ Hourly deployment failed with exit code: 127
[2026-01-17 14:00:01] ❌ Hourly deployment failed with exit code: 127
[2026-01-17 14:00:01] =========================================
[2026-01-17 14:00:01] =========================================
[2026-01-17 14:00:01] 
[2026-01-17 14:00:01] 
[2026-01-17 15:00:00] =========================================
[2026-01-17 15:00:00] =========================================
[2026-01-17 15:00:00] Starting hourly deployment
[2026-01-17 15:00:00] Starting hourly deployment
[2026-01-17 15:00:00] =========================================
[2026-01-17 15:00:00] =========================================
[2026-01-17 15:00:00] Running: /Users/juliocasalmartin/Library/CloudStorage/Dropbox/Julio/TrendAnalyzer/deploy.sh
[2026-01-17 15:00:00] Running: /Users/juliocasalmartin/Library/CloudStorage/Dropbox/Julio/TrendAnalyzer/deploy.sh
[2026-01-17 15:00:00] /Users/juliocasalmartin/Library/CloudStorage/Dropbox/Julio/TrendAnalyzer/deploy.sh: line 5: node: command not found
[2026-01-17 15:00:00] /Users/juliocasalmartin/Library/CloudStorage/Dropbox/Julio/TrendAnalyzer/deploy.sh: line 5: node: command not found
[2026-01-17 15:00:00] ❌ Hourly deployment failed with exit code: 127
[2026-01-17 15:00:00] ❌ Hourly deployment failed with exit code: 127
[2026-01-17 15:00:00] =========================================
[2026-01-17 15:00:00] =========================================
[2026-01-17 15:00:00] 
[2026-01-17 15:00:00] 
[2026-01-17 16:00:00] =========================================
[2026-01-17 16:00:00] =========================================
[2026-01-17 16:00:00] Starting hourly deployment
[2026-01-17 16:00:00] Starting hourly deployment
[2026-01-17 16:00:00] =========================================
[2026-01-17 16:00:00] =========================================
[2026-01-17 16:00:00] Running: /Users/juliocasalmartin/Library/CloudStorage/Dropbox/Julio/TrendAnalyzer/deploy.sh
[2026-01-17 16:00:00] Running: /Users/juliocasalmartin/Library/CloudStorage/Dropbox/Julio/TrendAnalyzer/deploy.sh
[2026-01-17 16:00:00] /Users/juliocasalmartin/Library/CloudStorage/Dropbox/Julio/TrendAnalyzer/deploy.sh: line 5: node: command not found
[2026-01-17 16:00:00] /Users/juliocasalmartin/Library/CloudStorage/Dropbox/Julio/TrendAnalyzer/deploy.sh: line 5: node: command not found
[2026-01-17 16:00:00] ❌ Hourly deployment failed with exit code: 127
[2026-01-17 16:00:00] ❌ Hourly deployment failed with exit code: 127
[2026-01-17 16:00:00] =========================================
[2026-01-17 16:00:00] =========================================
[2026-01-17 16:00:00] 
[2026-01-17 16:00:00] 
[2026-01-17 17:00:00] =========================================
[2026-01-17 17:00:00] =========================================
[2026-01-17 17:00:00] Starting hourly deployment
[2026-01-17 17:00:00] Starting hourly deployment
[2026-01-17 17:00:00] =========================================
[2026-01-17 17:00:00] =========================================
[2026-01-17 17:00:00] Running: /Users/juliocasalmartin/Library/CloudStorage/Dropbox/Julio/TrendAnalyzer/deploy.sh
[2026-01-17 17:00:00] Running: /Users/juliocasalmartin/Library/CloudStorage/Dropbox/Julio/TrendAnalyzer/deploy.sh
[2026-01-17 17:00:00] /Users/juliocasalmartin/Library/CloudStorage/Dropbox/Julio/TrendAnalyzer/deploy.sh: line 5: node: command not found
[2026-01-17 17:00:00] /Users/juliocasalmartin/Library/CloudStorage/Dropbox/Julio/TrendAnalyzer/deploy.sh: line 5: node: command not found
[2026-01-17 17:00:00] ❌ Hourly deployment failed with exit code: 127
[2026-01-17 17:00:00] ❌ Hourly deployment failed with exit code: 127
[2026-01-17 17:00:00] =========================================
[2026-01-17 17:00:00] =========================================
[2026-01-17 17:00:00] 
[2026-01-17 17:00:00] 
[2026-01-17 18:00:00] =========================================
[2026-01-17 18:00:00] =========================================
[2026-01-17 18:00:00] Starting hourly deployment
[2026-01-17 18:00:00] Starting hourly deployment
[2026-01-17 18:00:00] =========================================
[2026-01-17 18:00:00] =========================================
[2026-01-17 18:00:00] Running: /Users/juliocasalmartin/Library/CloudStorage/Dropbox/Julio/TrendAnalyzer/deploy.sh
[2026-01-17 18:00:00] Running: /Users/juliocasalmartin/Library/CloudStorage/Dropbox/Julio/TrendAnalyzer/deploy.sh
[2026-01-17 18:00:00] /Users/juliocasalmartin/Library/CloudStorage/Dropbox/Julio/TrendAnalyzer/deploy.sh: line 5: node: command not found
[2026-01-17 18:00:00] /Users/juliocasalmartin/Library/CloudStorage/Dropbox/Julio/TrendAnalyzer/deploy.sh: line 5: node: command not found
[2026-01-17 18:00:00] ❌ Hourly deployment failed with exit code: 127
[2026-01-17 18:00:00] ❌ Hourly deployment failed with exit code: 127
[2026-01-17 18:00:00] =========================================
[2026-01-17 18:00:00] =========================================
[2026-01-17 18:00:00] 
[2026-01-17 18:00:00] 
[2026-01-17 19:00:00] =========================================
[2026-01-17 19:00:00] =========================================
[2026-01-17 19:00:00] Starting hourly deployment
[2026-01-17 19:00:00] Starting hourly deployment
[2026-01-17 19:00:00] =========================================
[2026-01-17 19:00:00] =========================================
[2026-01-17 19:00:00] Running: /Users/juliocasalmartin/Library/CloudStorage/Dropbox/Julio/TrendAnalyzer/deploy.sh
[2026-01-17 19:00:00] Running: /Users/juliocasalmartin/Library/CloudStorage/Dropbox/Julio/TrendAnalyzer/deploy.sh
[2026-01-17 19:00:00] /Users/juliocasalmartin/Library/CloudStorage/Dropbox/Julio/TrendAnalyzer/deploy.sh: line 5: node: command not found
[2026-01-17 19:00:00] /Users/juliocasalmartin/Library/CloudStorage/Dropbox/Julio/TrendAnalyzer/deploy.sh: line 5: node: command not found
[2026-01-17 19:00:00] ❌ Hourly deployment failed with exit code: 127
[2026-01-17 19:00:00] ❌ Hourly deployment failed with exit code: 127
[2026-01-17 19:00:00] =========================================
[2026-01-17 19:00:00] =========================================
[2026-01-17 19:00:00] 
[2026-01-17 19:00:00] 
[2026-01-17 20:00:01] =========================================
[2026-01-17 20:00:01] =========================================
[2026-01-17 20:00:01] Starting hourly deployment
[2026-01-17 20:00:01] Starting hourly deployment
[2026-01-17 20:00:01] =========================================
[2026-01-17 20:00:01] =========================================
[2026-01-17 20:00:01] Running: /Users/juliocasalmartin/Library/CloudStorage/Dropbox/Julio/TrendAnalyzer/deploy.sh
[2026-01-17 20:00:01] Running: /Users/juliocasalmartin/Library/CloudStorage/Dropbox/Julio/TrendAnalyzer/deploy.sh
[2026-01-17 20:00:01] /Users/juliocasalmartin/Library/CloudStorage/Dropbox/Julio/TrendAnalyzer/deploy.sh: line 5: node: command not found
[2026-01-17 20:00:01] /Users/juliocasalmartin/Library/CloudStorage/Dropbox/Julio/TrendAnalyzer/deploy.sh: line 5: node: command not found
[2026-01-17 20:00:01] ❌ Hourly deployment failed with exit code: 127
[2026-01-17 20:00:01] ❌ Hourly deployment failed with exit code: 127
[2026-01-17 20:00:01] =========================================
[2026-01-17 20:00:01] =========================================
[2026-01-17 20:00:01] 
[2026-01-17 20:00:01] 
[2026-01-17 21:00:00] =========================================
[2026-01-17 21:00:00] =========================================
[2026-01-17 21:00:00] Starting hourly deployment
[2026-01-17 21:00:00] Starting hourly deployment
[2026-01-17 21:00:00] =========================================
[2026-01-17 21:00:00] =========================================
[2026-01-17 21:00:00] Running: /Users/juliocasalmartin/Library/CloudStorage/Dropbox/Julio/TrendAnalyzer/deploy.sh
[2026-01-17 21:00:00] Running: /Users/juliocasalmartin/Library/CloudStorage/Dropbox/Julio/TrendAnalyzer/deploy.sh
[2026-01-17 21:00:00] /Users/juliocasalmartin/Library/CloudStorage/Dropbox/Julio/TrendAnalyzer/deploy.sh: line 5: node: command not found
[2026-01-17 21:00:00] /Users/juliocasalmartin/Library/CloudStorage/Dropbox/Julio/TrendAnalyzer/deploy.sh: line 5: node: command not found
[2026-01-17 21:00:00] ❌ Hourly deployment failed with exit code: 127
[2026-01-17 21:00:00] ❌ Hourly deployment failed with exit code: 127
[2026-01-17 21:00:00] =========================================
[2026-01-17 21:00:00] =========================================
[2026-01-17 21:00:00] 
[2026-01-17 21:00:00] 
[2026-01-17 22:00:01] =========================================
[2026-01-17 22:00:01] =========================================
[2026-01-17 22:00:01] Starting hourly deployment
[2026-01-17 22:00:01] Starting hourly deployment
[2026-01-17 22:00:01] =========================================
[2026-01-17 22:00:01] =========================================
[2026-01-17 22:00:01] Running: /Users/juliocasalmartin/Library/CloudStorage/Dropbox/Julio/TrendAnalyzer/deploy.sh
[2026-01-17 22:00:01] Running: /Users/juliocasalmartin/Library/CloudStorage/Dropbox/Julio/TrendAnalyzer/deploy.sh
[2026-01-17 22:00:01] /Users/juliocasalmartin/Library/CloudStorage/Dropbox/Julio/TrendAnalyzer/deploy.sh: line 5: node: command not found
[2026-01-17 22:00:01] /Users/juliocasalmartin/Library/CloudStorage/Dropbox/Julio/TrendAnalyzer/deploy.sh: line 5: node: command not found
[2026-01-17 22:00:01] ❌ Hourly deployment failed with exit code: 127
[2026-01-17 22:00:01] ❌ Hourly deployment failed with exit code: 127
[2026-01-17 22:00:01] =========================================
[2026-01-17 22:00:01] =========================================
[2026-01-17 22:00:01] 
[2026-01-17 22:00:01] 
[2026-01-17 23:00:00] =========================================
[2026-01-17 23:00:00] =========================================
[2026-01-17 23:00:00] Starting hourly deployment
[2026-01-17 23:00:00] Starting hourly deployment
[2026-01-17 23:00:00] =========================================
[2026-01-17 23:00:00] =========================================
[2026-01-17 23:00:00] Running: /Users/juliocasalmartin/Library/CloudStorage/Dropbox/Julio/TrendAnalyzer/deploy.sh
[2026-01-17 23:00:00] Running: /Users/juliocasalmartin/Library/CloudStorage/Dropbox/Julio/TrendAnalyzer/deploy.sh
[2026-01-17 23:00:00] /Users/juliocasalmartin/Library/CloudStorage/Dropbox/Julio/TrendAnalyzer/deploy.sh: line 5: node: command not found
[2026-01-17 23:00:00] /Users/juliocasalmartin/Library/CloudStorage/Dropbox/Julio/TrendAnalyzer/deploy.sh: line 5: node: command not found
[2026-01-17 23:00:00] ❌ Hourly deployment failed with exit code: 127
[2026-01-17 23:00:00] ❌ Hourly deployment failed with exit code: 127
[2026-01-17 23:00:00] =========================================
[2026-01-17 23:00:00] =========================================
[2026-01-17 23:00:00] 
[2026-01-17 23:00:00] 
[2026-01-18 00:00:01] =========================================
[2026-01-18 00:00:01] =========================================
[2026-01-18 00:00:01] Starting hourly deployment
[2026-01-18 00:00:01] Starting hourly deployment
[2026-01-18 00:00:01] =========================================
[2026-01-18 00:00:01] =========================================
[2026-01-18 00:00:01] Running: /Users/juliocasalmartin/Library/CloudStorage/Dropbox/Julio/TrendAnalyzer/deploy.sh
[2026-01-18 00:00:01] Running: /Users/juliocasalmartin/Library/CloudStorage/Dropbox/Julio/TrendAnalyzer/deploy.sh
[2026-01-18 00:00:01] /Users/juliocasalmartin/Library/CloudStorage/Dropbox/Julio/TrendAnalyzer/deploy.sh: line 5: node: command not found
[2026-01-18 00:00:01] /Users/juliocasalmartin/Library/CloudStorage/Dropbox/Julio/TrendAnalyzer/deploy.sh: line 5: node: command not found
[2026-01-18 00:00:01] ❌ Hourly deployment failed with exit code: 127
[2026-01-18 00:00:01] ❌ Hourly deployment failed with exit code: 127
[2026-01-18 00:00:01] =========================================
[2026-01-18 00:00:01] =========================================
[2026-01-18 00:00:01] 
[2026-01-18 00:00:01] 
[2026-01-18 01:00:00] =========================================
[2026-01-18 01:00:00] =========================================
[2026-01-18 01:00:00] Starting hourly deployment
[2026-01-18 01:00:00] Starting hourly deployment
[2026-01-18 01:00:00] =========================================
[2026-01-18 01:00:00] =========================================
[2026-01-18 01:00:00] Running: /Users/juliocasalmartin/Library/CloudStorage/Dropbox/Julio/TrendAnalyzer/deploy.sh
[2026-01-18 01:00:00] Running: /Users/juliocasalmartin/Library/CloudStorage/Dropbox/Julio/TrendAnalyzer/deploy.sh
[2026-01-18 01:00:00] /Users/juliocasalmartin/Library/CloudStorage/Dropbox/Julio/TrendAnalyzer/deploy.sh: line 5: node: command not found
[2026-01-18 01:00:00] /Users/juliocasalmartin/Library/CloudStorage/Dropbox/Julio/TrendAnalyzer/deploy.sh: line 5: node: command not found
[2026-01-18 01:00:00] ❌ Hourly deployment failed with exit code: 127
[2026-01-18 01:00:00] ❌ Hourly deployment failed with exit code: 127
[2026-01-18 01:00:00] =========================================
[2026-01-18 01:00:00] =========================================
[2026-01-18 01:00:00] 
[2026-01-18 01:00:00] 
[2026-01-18 03:00:25] =========================================
[2026-01-18 03:00:25] =========================================
[2026-01-18 03:00:25] Starting hourly deployment
[2026-01-18 03:00:25] Starting hourly deployment
[2026-01-18 03:00:25] =========================================
[2026-01-18 03:00:25] =========================================
[2026-01-18 03:00:25] Running: /Users/juliocasalmartin/Library/CloudStorage/Dropbox/Julio/TrendAnalyzer/deploy.sh
[2026-01-18 03:00:25] Running: /Users/juliocasalmartin/Library/CloudStorage/Dropbox/Julio/TrendAnalyzer/deploy.sh
[2026-01-18 03:00:25] /Users/juliocasalmartin/Library/CloudStorage/Dropbox/Julio/TrendAnalyzer/deploy.sh: line 5: node: command not found
[2026-01-18 03:00:25] /Users/juliocasalmartin/Library/CloudStorage/Dropbox/Julio/TrendAnalyzer/deploy.sh: line 5: node: command not found
[2026-01-18 03:00:25] ❌ Hourly deployment failed with exit code: 127
[2026-01-18 03:00:25] ❌ Hourly deployment failed with exit code: 127
[2026-01-18 03:00:25] =========================================
[2026-01-18 03:00:25] =========================================
[2026-01-18 03:00:25] 
[2026-01-18 03:00:25] 
[2026-01-18 05:00:00] =========================================
[2026-01-18 05:00:00] =========================================
[2026-01-18 05:00:00] Starting hourly deployment
[2026-01-18 05:00:00] Starting hourly deployment
[2026-01-18 05:00:00] =========================================
[2026-01-18 05:00:00] =========================================
[2026-01-18 05:00:00] Running: /Users/juliocasalmartin/Library/CloudStorage/Dropbox/Julio/TrendAnalyzer/deploy.sh
[2026-01-18 05:00:00] Running: /Users/juliocasalmartin/Library/CloudStorage/Dropbox/Julio/TrendAnalyzer/deploy.sh
[2026-01-18 05:00:00] /Users/juliocasalmartin/Library/CloudStorage/Dropbox/Julio/TrendAnalyzer/deploy.sh: line 5: node: command not found
[2026-01-18 05:00:00] /Users/juliocasalmartin/Library/CloudStorage/Dropbox/Julio/TrendAnalyzer/deploy.sh: line 5: node: command not found
[2026-01-18 05:00:00] ❌ Hourly deployment failed with exit code: 127
[2026-01-18 05:00:00] ❌ Hourly deployment failed with exit code: 127
[2026-01-18 05:00:00] =========================================
[2026-01-18 05:00:00] =========================================
[2026-01-18 05:00:00] 
[2026-01-18 05:00:00] 
[2026-01-18 06:02:41] =========================================
[2026-01-18 06:02:41] =========================================
[2026-01-18 06:02:41] Starting hourly deployment
[2026-01-18 06:02:41] Starting hourly deployment
[2026-01-18 06:02:41] =========================================
[2026-01-18 06:02:41] =========================================
[2026-01-18 06:02:41] Running: /Users/juliocasalmartin/Library/CloudStorage/Dropbox/Julio/TrendAnalyzer/deploy.sh
[2026-01-18 06:02:41] Running: /Users/juliocasalmartin/Library/CloudStorage/Dropbox/Julio/TrendAnalyzer/deploy.sh
[2026-01-18 06:02:41] /Users/juliocasalmartin/Library/CloudStorage/Dropbox/Julio/TrendAnalyzer/deploy.sh: line 5: node: command not found
[2026-01-18 06:02:41] /Users/juliocasalmartin/Library/CloudStorage/Dropbox/Julio/TrendAnalyzer/deploy.sh: line 5: node: command not found
[2026-01-18 06:02:41] ❌ Hourly deployment failed with exit code: 127
[2026-01-18 06:02:41] ❌ Hourly deployment failed with exit code: 127
[2026-01-18 06:02:41] =========================================
[2026-01-18 06:02:41] =========================================
[2026-01-18 06:02:41] 
[2026-01-18 06:02:41] 
[2026-01-18 11:04:10] =========================================
[2026-01-18 11:04:10] =========================================
[2026-01-18 11:04:10] Starting hourly deployment
[2026-01-18 11:04:10] Starting hourly deployment
[2026-01-18 11:04:10] =========================================
[2026-01-18 11:04:10] =========================================
[2026-01-18 11:04:10] Running: /Users/juliocasalmartin/Library/CloudStorage/Dropbox/Julio/TrendAnalyzer/deploy.sh
[2026-01-18 11:04:10] Running: /Users/juliocasalmartin/Library/CloudStorage/Dropbox/Julio/TrendAnalyzer/deploy.sh
[2026-01-18 11:04:10] /Users/juliocasalmartin/Library/CloudStorage/Dropbox/Julio/TrendAnalyzer/deploy.sh: line 5: node: command not found
[2026-01-18 11:04:10] /Users/juliocasalmartin/Library/CloudStorage/Dropbox/Julio/TrendAnalyzer/deploy.sh: line 5: node: command not found
[2026-01-18 11:04:10] ❌ Hourly deployment failed with exit code: 127
[2026-01-18 11:04:10] ❌ Hourly deployment failed with exit code: 127
[2026-01-18 11:04:10] =========================================
[2026-01-18 11:04:10] =========================================
[2026-01-18 11:04:10] 
[2026-01-18 11:04:10] 
[2026-01-18 13:00:00] =========================================
[2026-01-18 13:00:00] =========================================
[2026-01-18 13:00:00] Starting hourly deployment
[2026-01-18 13:00:00] Starting hourly deployment
[2026-01-18 13:00:00] =========================================
[2026-01-18 13:00:00] =========================================
[2026-01-18 13:00:00] Running: /Users/juliocasalmartin/Library/CloudStorage/Dropbox/Julio/TrendAnalyzer/deploy.sh
[2026-01-18 13:00:00] Running: /Users/juliocasalmartin/Library/CloudStorage/Dropbox/Julio/TrendAnalyzer/deploy.sh
[2026-01-18 13:00:00] /Users/juliocasalmartin/Library/CloudStorage/Dropbox/Julio/TrendAnalyzer/deploy.sh: line 5: node: command not found
[2026-01-18 13:00:00] /Users/juliocasalmartin/Library/CloudStorage/Dropbox/Julio/TrendAnalyzer/deploy.sh: line 5: node: command not found
[2026-01-18 13:00:00] ❌ Hourly deployment failed with exit code: 127
[2026-01-18 13:00:00] ❌ Hourly deployment failed with exit code: 127
[2026-01-18 13:00:00] =========================================
[2026-01-18 13:00:00] =========================================
[2026-01-18 13:00:00] 
[2026-01-18 13:00:00] 
[2026-01-18 14:00:00] =========================================
[2026-01-18 14:00:00] =========================================
[2026-01-18 14:00:00] Starting hourly deployment
[2026-01-18 14:00:00] Starting hourly deployment
[2026-01-18 14:00:00] =========================================
[2026-01-18 14:00:00] =========================================
[2026-01-18 14:00:00] Running: /Users/juliocasalmartin/Library/CloudStorage/Dropbox/Julio/TrendAnalyzer/deploy.sh
[2026-01-18 14:00:00] Running: /Users/juliocasalmartin/Library/CloudStorage/Dropbox/Julio/TrendAnalyzer/deploy.sh
[2026-01-18 14:00:00] /Users/juliocasalmartin/Library/CloudStorage/Dropbox/Julio/TrendAnalyzer/deploy.sh: line 5: node: command not found
[2026-01-18 14:00:00] /Users/juliocasalmartin/Library/CloudStorage/Dropbox/Julio/TrendAnalyzer/deploy.sh: line 5: node: command not found
[2026-01-18 14:00:00] ❌ Hourly deployment failed with exit code: 127
[2026-01-18 14:00:00] ❌ Hourly deployment failed with exit code: 127
[2026-01-18 14:00:00] =========================================
[2026-01-18 14:00:00] =========================================
[2026-01-18 14:00:00] 
[2026-01-18 14:00:00] 
[2026-01-18 15:00:00] =========================================
[2026-01-18 15:00:00] =========================================
[2026-01-18 15:00:00] Starting hourly deployment
[2026-01-18 15:00:00] Starting hourly deployment
[2026-01-18 15:00:01] =========================================
[2026-01-18 15:00:01] =========================================
[2026-01-18 15:00:01] Running: /Users/juliocasalmartin/Library/CloudStorage/Dropbox/Julio/TrendAnalyzer/deploy.sh
[2026-01-18 15:00:01] Running: /Users/juliocasalmartin/Library/CloudStorage/Dropbox/Julio/TrendAnalyzer/deploy.sh
[2026-01-18 15:00:01] /Users/juliocasalmartin/Library/CloudStorage/Dropbox/Julio/TrendAnalyzer/deploy.sh: line 5: node: command not found
[2026-01-18 15:00:01] /Users/juliocasalmartin/Library/CloudStorage/Dropbox/Julio/TrendAnalyzer/deploy.sh: line 5: node: command not found
[2026-01-18 15:00:01] ❌ Hourly deployment failed with exit code: 127
[2026-01-18 15:00:01] ❌ Hourly deployment failed with exit code: 127
[2026-01-18 15:00:01] =========================================
[2026-01-18 15:00:01] =========================================
[2026-01-18 15:00:01] 
[2026-01-18 15:00:01] 
[2026-01-18 16:00:00] =========================================
[2026-01-18 16:00:00] =========================================
[2026-01-18 16:00:00] Starting hourly deployment
[2026-01-18 16:00:00] Starting hourly deployment
[2026-01-18 16:00:00] =========================================
[2026-01-18 16:00:00] =========================================
[2026-01-18 16:00:00] Running: /Users/juliocasalmartin/Library/CloudStorage/Dropbox/Julio/TrendAnalyzer/deploy.sh
[2026-01-18 16:00:00] Running: /Users/juliocasalmartin/Library/CloudStorage/Dropbox/Julio/TrendAnalyzer/deploy.sh
[2026-01-18 16:00:01] /Users/juliocasalmartin/Library/CloudStorage/Dropbox/Julio/TrendAnalyzer/deploy.sh: line 5: node: command not found
[2026-01-18 16:00:01] /Users/juliocasalmartin/Library/CloudStorage/Dropbox/Julio/TrendAnalyzer/deploy.sh: line 5: node: command not found
[2026-01-18 16:00:01] ❌ Hourly deployment failed with exit code: 127
[2026-01-18 16:00:01] ❌ Hourly deployment failed with exit code: 127
[2026-01-18 16:00:01] =========================================
[2026-01-18 16:00:01] =========================================
[2026-01-18 16:00:01] 
[2026-01-18 16:00:01] 
[2026-01-18 17:00:00] =========================================
[2026-01-18 17:00:00] =========================================
[2026-01-18 17:00:00] Starting hourly deployment
[2026-01-18 17:00:00] Starting hourly deployment
[2026-01-18 17:00:00] =========================================
[2026-01-18 17:00:00] =========================================
[2026-01-18 17:00:00] Running: /Users/juliocasalmartin/Library/CloudStorage/Dropbox/Julio/TrendAnalyzer/deploy.sh
[2026-01-18 17:00:00] Running: /Users/juliocasalmartin/Library/CloudStorage/Dropbox/Julio/TrendAnalyzer/deploy.sh
[2026-01-18 17:00:00] /Users/juliocasalmartin/Library/CloudStorage/Dropbox/Julio/TrendAnalyzer/deploy.sh: line 5: node: command not found
[2026-01-18 17:00:00] /Users/juliocasalmartin/Library/CloudStorage/Dropbox/Julio/TrendAnalyzer/deploy.sh: line 5: node: command not found
[2026-01-18 17:00:00] ❌ Hourly deployment failed with exit code: 127
[2026-01-18 17:00:00] ❌ Hourly deployment failed with exit code: 127
[2026-01-18 17:00:00] =========================================
[2026-01-18 17:00:00] =========================================
[2026-01-18 17:00:00] 
[2026-01-18 17:00:00] 
[2026-01-18 18:00:00] =========================================
[2026-01-18 18:00:00] =========================================
[2026-01-18 18:00:00] Starting hourly deployment
[2026-01-18 18:00:00] Starting hourly deployment
[2026-01-18 18:00:00] =========================================
[2026-01-18 18:00:00] =========================================
[2026-01-18 18:00:00] Running: /Users/juliocasalmartin/Library/CloudStorage/Dropbox/Julio/TrendAnalyzer/deploy.sh
[2026-01-18 18:00:00] Running: /Users/juliocasalmartin/Library/CloudStorage/Dropbox/Julio/TrendAnalyzer/deploy.sh
[2026-01-18 18:00:00] /Users/juliocasalmartin/Library/CloudStorage/Dropbox/Julio/TrendAnalyzer/deploy.sh: line 5: node: command not found
[2026-01-18 18:00:00] /Users/juliocasalmartin/Library/CloudStorage/Dropbox/Julio/TrendAnalyzer/deploy.sh: line 5: node: command not found
[2026-01-18 18:00:00] ❌ Hourly deployment failed with exit code: 127
[2026-01-18 18:00:00] ❌ Hourly deployment failed with exit code: 127
[2026-01-18 18:00:00] =========================================
[2026-01-18 18:00:00] =========================================
[2026-01-18 18:00:00] 
[2026-01-18 18:00:00] 
[2026-01-18 19:00:00] =========================================
[2026-01-18 19:00:00] =========================================
[2026-01-18 19:00:00] Starting hourly deployment
[2026-01-18 19:00:00] Starting hourly deployment
[2026-01-18 19:00:00] =========================================
[2026-01-18 19:00:00] =========================================
[2026-01-18 19:00:00] Running: /Users/juliocasalmartin/Library/CloudStorage/Dropbox/Julio/TrendAnalyzer/deploy.sh
[2026-01-18 19:00:00] Running: /Users/juliocasalmartin/Library/CloudStorage/Dropbox/Julio/TrendAnalyzer/deploy.sh
[2026-01-18 19:00:00] /Users/juliocasalmartin/Library/CloudStorage/Dropbox/Julio/TrendAnalyzer/deploy.sh: line 5: node: command not found
[2026-01-18 19:00:00] /Users/juliocasalmartin/Library/CloudStorage/Dropbox/Julio/TrendAnalyzer/deploy.sh: line 5: node: command not found
[2026-01-18 19:00:00] ❌ Hourly deployment failed with exit code: 127
[2026-01-18 19:00:00] ❌ Hourly deployment failed with exit code: 127
[2026-01-18 19:00:00] =========================================
[2026-01-18 19:00:00] =========================================
[2026-01-18 19:00:00] 
[2026-01-18 19:00:00] 
[2026-01-18 21:00:01] =========================================
[2026-01-18 21:00:01] =========================================
[2026-01-18 21:00:01] Starting hourly deployment
[2026-01-18 21:00:01] Starting hourly deployment
[2026-01-18 21:00:01] =========================================
[2026-01-18 21:00:01] =========================================
[2026-01-18 21:00:01] Running: /Users/juliocasalmartin/Library/CloudStorage/Dropbox/Julio/TrendAnalyzer/deploy.sh
[2026-01-18 21:00:01] Running: /Users/juliocasalmartin/Library/CloudStorage/Dropbox/Julio/TrendAnalyzer/deploy.sh
[2026-01-18 21:00:01] /Users/juliocasalmartin/Library/CloudStorage/Dropbox/Julio/TrendAnalyzer/deploy.sh: line 5: node: command not found
[2026-01-18 21:00:01] /Users/juliocasalmartin/Library/CloudStorage/Dropbox/Julio/TrendAnalyzer/deploy.sh: line 5: node: command not found
[2026-01-18 21:00:01] ❌ Hourly deployment failed with exit code: 127
[2026-01-18 21:00:01] ❌ Hourly deployment failed with exit code: 127
[2026-01-18 21:00:01] =========================================
[2026-01-18 21:00:01] =========================================
[2026-01-18 21:00:01] 
[2026-01-18 21:00:01] 
[2026-01-18 22:00:00] =========================================
[2026-01-18 22:00:00] =========================================
[2026-01-18 22:00:00] Starting hourly deployment
[2026-01-18 22:00:00] Starting hourly deployment
[2026-01-18 22:00:00] =========================================
[2026-01-18 22:00:00] =========================================
[2026-01-18 22:00:00] Running: /Users/juliocasalmartin/Library/CloudStorage/Dropbox/Julio/TrendAnalyzer/deploy.sh
[2026-01-18 22:00:00] Running: /Users/juliocasalmartin/Library/CloudStorage/Dropbox/Julio/TrendAnalyzer/deploy.sh
[2026-01-18 22:00:00] /Users/juliocasalmartin/Library/CloudStorage/Dropbox/Julio/TrendAnalyzer/deploy.sh: line 5: node: command not found
[2026-01-18 22:00:00] /Users/juliocasalmartin/Library/CloudStorage/Dropbox/Julio/TrendAnalyzer/deploy.sh: line 5: node: command not found
[2026-01-18 22:00:00] ❌ Hourly deployment failed with exit code: 127
[2026-01-18 22:00:00] ❌ Hourly deployment failed with exit code: 127
[2026-01-18 22:00:01] =========================================
[2026-01-18 22:00:01] =========================================
[2026-01-18 22:00:01] 
[2026-01-18 22:00:01] 
[2026-01-18 23:00:00] =========================================
[2026-01-18 23:00:00] =========================================
[2026-01-18 23:00:00] Starting hourly deployment
[2026-01-18 23:00:00] Starting hourly deployment
[2026-01-18 23:00:00] =========================================
[2026-01-18 23:00:00] =========================================
[2026-01-18 23:00:00] Running: /Users/juliocasalmartin/Library/CloudStorage/Dropbox/Julio/TrendAnalyzer/deploy.sh
[2026-01-18 23:00:00] Running: /Users/juliocasalmartin/Library/CloudStorage/Dropbox/Julio/TrendAnalyzer/deploy.sh
[2026-01-18 23:00:00] /Users/juliocasalmartin/Library/CloudStorage/Dropbox/Julio/TrendAnalyzer/deploy.sh: line 5: node: command not found
[2026-01-18 23:00:00] /Users/juliocasalmartin/Library/CloudStorage/Dropbox/Julio/TrendAnalyzer/deploy.sh: line 5: node: command not found
[2026-01-18 23:00:00] ❌ Hourly deployment failed with exit code: 127
[2026-01-18 23:00:00] ❌ Hourly deployment failed with exit code: 127
[2026-01-18 23:00:00] =========================================
[2026-01-18 23:00:00] =========================================
[2026-01-18 23:00:00] 
[2026-01-18 23:00:00] 
[2026-01-19 00:00:00] =========================================
[2026-01-19 00:00:00] =========================================
[2026-01-19 00:00:00] Starting hourly deployment
[2026-01-19 00:00:00] Starting hourly deployment
[2026-01-19 00:00:00] =========================================
[2026-01-19 00:00:00] =========================================
[2026-01-19 00:00:00] Running: /Users/juliocasalmartin/Library/CloudStorage/Dropbox/Julio/TrendAnalyzer/deploy.sh
[2026-01-19 00:00:00] Running: /Users/juliocasalmartin/Library/CloudStorage/Dropbox/Julio/TrendAnalyzer/deploy.sh
[2026-01-19 00:00:00] /Users/juliocasalmartin/Library/CloudStorage/Dropbox/Julio/TrendAnalyzer/deploy.sh: line 5: node: command not found
[2026-01-19 00:00:00] /Users/juliocasalmartin/Library/CloudStorage/Dropbox/Julio/TrendAnalyzer/deploy.sh: line 5: node: command not found
[2026-01-19 00:00:00] ❌ Hourly deployment failed with exit code: 127
[2026-01-19 00:00:00] ❌ Hourly deployment failed with exit code: 127
[2026-01-19 00:00:00] =========================================
[2026-01-19 00:00:00] =========================================
[2026-01-19 00:00:00] 
[2026-01-19 00:00:00] 
[2026-01-19 01:00:33] =========================================
[2026-01-19 01:00:33] =========================================
[2026-01-19 01:00:33] Starting hourly deployment
[2026-01-19 01:00:33] Starting hourly deployment
[2026-01-19 01:00:33] =========================================
[2026-01-19 01:00:33] =========================================
[2026-01-19 01:00:33] Running: /Users/juliocasalmartin/Library/CloudStorage/Dropbox/Julio/TrendAnalyzer/deploy.sh
[2026-01-19 01:00:33] Running: /Users/juliocasalmartin/Library/CloudStorage/Dropbox/Julio/TrendAnalyzer/deploy.sh
[2026-01-19 01:00:33] /Users/juliocasalmartin/Library/CloudStorage/Dropbox/Julio/TrendAnalyzer/deploy.sh: line 5: node: command not found
[2026-01-19 01:00:33] /Users/juliocasalmartin/Library/CloudStorage/Dropbox/Julio/TrendAnalyzer/deploy.sh: line 5: node: command not found
[2026-01-19 01:00:33] ❌ Hourly deployment failed with exit code: 127
[2026-01-19 01:00:33] ❌ Hourly deployment failed with exit code: 127
[2026-01-19 01:00:33] =========================================
[2026-01-19 01:00:33] =========================================
[2026-01-19 01:00:33] 
[2026-01-19 01:00:33] 
[2026-01-19 02:00:00] =========================================
[2026-01-19 02:00:00] =========================================
[2026-01-19 02:00:00] Starting hourly deployment
[2026-01-19 02:00:00] Starting hourly deployment
[2026-01-19 02:00:00] =========================================
[2026-01-19 02:00:00] =========================================
[2026-01-19 02:00:00] Running: /Users/juliocasalmartin/Library/CloudStorage/Dropbox/Julio/TrendAnalyzer/deploy.sh
[2026-01-19 02:00:00] Running: /Users/juliocasalmartin/Library/CloudStorage/Dropbox/Julio/TrendAnalyzer/deploy.sh
[2026-01-19 02:00:00] /Users/juliocasalmartin/Library/CloudStorage/Dropbox/Julio/TrendAnalyzer/deploy.sh: line 5: node: command not found
[2026-01-19 02:00:00] /Users/juliocasalmartin/Library/CloudStorage/Dropbox/Julio/TrendAnalyzer/deploy.sh: line 5: node: command not found
[2026-01-19 02:00:00] ❌ Hourly deployment failed with exit code: 127
[2026-01-19 02:00:00] ❌ Hourly deployment failed with exit code: 127
[2026-01-19 02:00:00] =========================================
[2026-01-19 02:00:00] =========================================
[2026-01-19 02:00:00] 
[2026-01-19 02:00:00] 
[2026-01-19 03:00:00] =========================================
[2026-01-19 03:00:00] =========================================
[2026-01-19 03:00:00] Starting hourly deployment
[2026-01-19 03:00:00] Starting hourly deployment
[2026-01-19 03:00:00] =========================================
[2026-01-19 03:00:00] =========================================
[2026-01-19 03:00:00] Running: /Users/juliocasalmartin/Library/CloudStorage/Dropbox/Julio/TrendAnalyzer/deploy.sh
[2026-01-19 03:00:00] Running: /Users/juliocasalmartin/Library/CloudStorage/Dropbox/Julio/TrendAnalyzer/deploy.sh
[2026-01-19 03:00:00] /Users/juliocasalmartin/Library/CloudStorage/Dropbox/Julio/TrendAnalyzer/deploy.sh: line 5: node: command not found
[2026-01-19 03:00:00] /Users/juliocasalmartin/Library/CloudStorage/Dropbox/Julio/TrendAnalyzer/deploy.sh: line 5: node: command not found
[2026-01-19 03:00:00] ❌ Hourly deployment failed with exit code: 127
[2026-01-19 03:00:00] ❌ Hourly deployment failed with exit code: 127
[2026-01-19 03:00:00] =========================================
[2026-01-19 03:00:00] =========================================
[2026-01-19 03:00:00] 
[2026-01-19 03:00:00] 
[2026-01-19 04:00:00] =========================================
[2026-01-19 04:00:00] =========================================
[2026-01-19 04:00:00] Starting hourly deployment
[2026-01-19 04:00:00] Starting hourly deployment
[2026-01-19 04:00:00] =========================================
[2026-01-19 04:00:00] =========================================
[2026-01-19 04:00:00] Running: /Users/juliocasalmartin/Library/CloudStorage/Dropbox/Julio/TrendAnalyzer/deploy.sh
[2026-01-19 04:00:00] Running: /Users/juliocasalmartin/Library/CloudStorage/Dropbox/Julio/TrendAnalyzer/deploy.sh
[2026-01-19 04:00:00] /Users/juliocasalmartin/Library/CloudStorage/Dropbox/Julio/TrendAnalyzer/deploy.sh: line 5: node: command not found
[2026-01-19 04:00:00] /Users/juliocasalmartin/Library/CloudStorage/Dropbox/Julio/TrendAnalyzer/deploy.sh: line 5: node: command not found
[2026-01-19 04:00:00] ❌ Hourly deployment failed with exit code: 127
[2026-01-19 04:00:00] ❌ Hourly deployment failed with exit code: 127
[2026-01-19 04:00:00] =========================================
[2026-01-19 04:00:00] =========================================
[2026-01-19 04:00:00] 
[2026-01-19 04:00:00] 
[2026-01-19 05:00:00] =========================================
[2026-01-19 05:00:00] =========================================
[2026-01-19 05:00:00] Starting hourly deployment
[2026-01-19 05:00:00] Starting hourly deployment
[2026-01-19 05:00:00] =========================================
[2026-01-19 05:00:00] =========================================
[2026-01-19 05:00:00] Running: /Users/juliocasalmartin/Library/CloudStorage/Dropbox/Julio/TrendAnalyzer/deploy.sh
[2026-01-19 05:00:00] Running: /Users/juliocasalmartin/Library/CloudStorage/Dropbox/Julio/TrendAnalyzer/deploy.sh
[2026-01-19 05:00:00] /Users/juliocasalmartin/Library/CloudStorage/Dropbox/Julio/TrendAnalyzer/deploy.sh: line 5: node: command not found
[2026-01-19 05:00:00] /Users/juliocasalmartin/Library/CloudStorage/Dropbox/Julio/TrendAnalyzer/deploy.sh: line 5: node: command not found
[2026-01-19 05:00:00] ❌ Hourly deployment failed with exit code: 127
[2026-01-19 05:00:00] ❌ Hourly deployment failed with exit code: 127
[2026-01-19 05:00:00] =========================================
[2026-01-19 05:00:00] =========================================
[2026-01-19 05:00:00] 
[2026-01-19 05:00:00] 
[2026-01-19 06:00:00] =========================================
[2026-01-19 06:00:00] =========================================
[2026-01-19 06:00:00] Starting hourly deployment
[2026-01-19 06:00:00] Starting hourly deployment
[2026-01-19 06:00:00] =========================================
[2026-01-19 06:00:00] =========================================
[2026-01-19 06:00:00] Running: /Users/juliocasalmartin/Library/CloudStorage/Dropbox/Julio/TrendAnalyzer/deploy.sh
[2026-01-19 06:00:00] Running: /Users/juliocasalmartin/Library/CloudStorage/Dropbox/Julio/TrendAnalyzer/deploy.sh
[2026-01-19 06:00:00] /Users/juliocasalmartin/Library/CloudStorage/Dropbox/Julio/TrendAnalyzer/deploy.sh: line 5: node: command not found
[2026-01-19 06:00:00] /Users/juliocasalmartin/Library/CloudStorage/Dropbox/Julio/TrendAnalyzer/deploy.sh: line 5: node: command not found
[2026-01-19 06:00:00] ❌ Hourly deployment failed with exit code: 127
[2026-01-19 06:00:00] ❌ Hourly deployment failed with exit code: 127
[2026-01-19 06:00:00] =========================================
[2026-01-19 06:00:00] =========================================
[2026-01-19 06:00:00] 
[2026-01-19 06:00:00] 
[2026-01-19 07:00:00] =========================================
[2026-01-19 07:00:00] =========================================
[2026-01-19 07:00:00] Starting hourly deployment
[2026-01-19 07:00:00] Starting hourly deployment
[2026-01-19 07:00:00] =========================================
[2026-01-19 07:00:00] =========================================
[2026-01-19 07:00:00] Running: /Users/juliocasalmartin/Library/CloudStorage/Dropbox/Julio/TrendAnalyzer/deploy.sh
[2026-01-19 07:00:00] Running: /Users/juliocasalmartin/Library/CloudStorage/Dropbox/Julio/TrendAnalyzer/deploy.sh
[2026-01-19 07:00:00] /Users/juliocasalmartin/Library/CloudStorage/Dropbox/Julio/TrendAnalyzer/deploy.sh: line 5: node: command not found
[2026-01-19 07:00:00] /Users/juliocasalmartin/Library/CloudStorage/Dropbox/Julio/TrendAnalyzer/deploy.sh: line 5: node: command not found
[2026-01-19 07:00:00] ❌ Hourly deployment failed with exit code: 127
[2026-01-19 07:00:00] ❌ Hourly deployment failed with exit code: 127
[2026-01-19 07:00:00] =========================================
[2026-01-19 07:00:00] =========================================
[2026-01-19 07:00:00] 
[2026-01-19 07:00:00] 
[2026-01-19 08:00:00] =========================================
[2026-01-19 08:00:00] =========================================
[2026-01-19 08:00:00] Starting hourly deployment
[2026-01-19 08:00:00] Starting hourly deployment
[2026-01-19 08:00:00] =========================================
[2026-01-19 08:00:00] =========================================
[2026-01-19 08:00:00] Running: /Users/juliocasalmartin/Library/CloudStorage/Dropbox/Julio/TrendAnalyzer/deploy.sh
[2026-01-19 08:00:00] Running: /Users/juliocasalmartin/Library/CloudStorage/Dropbox/Julio/TrendAnalyzer/deploy.sh
[2026-01-19 08:00:00] /Users/juliocasalmartin/Library/CloudStorage/Dropbox/Julio/TrendAnalyzer/deploy.sh: line 5: node: command not found
[2026-01-19 08:00:00] /Users/juliocasalmartin/Library/CloudStorage/Dropbox/Julio/TrendAnalyzer/deploy.sh: line 5: node: command not found
[2026-01-19 08:00:00] ❌ Hourly deployment failed with exit code: 127
[2026-01-19 08:00:00] ❌ Hourly deployment failed with exit code: 127
[2026-01-19 08:00:00] =========================================
[2026-01-19 08:00:00] =========================================
[2026-01-19 08:00:00] 
[2026-01-19 08:00:00] 
[2026-01-19 09:00:00] =========================================
[2026-01-19 09:00:00] =========================================
[2026-01-19 09:00:00] Starting hourly deployment
[2026-01-19 09:00:00] Starting hourly deployment
[2026-01-19 09:00:00] =========================================
[2026-01-19 09:00:00] =========================================
[2026-01-19 09:00:00] Running: /Users/juliocasalmartin/Library/CloudStorage/Dropbox/Julio/TrendAnalyzer/deploy.sh
[2026-01-19 09:00:00] Running: /Users/juliocasalmartin/Library/CloudStorage/Dropbox/Julio/TrendAnalyzer/deploy.sh
[2026-01-19 09:00:00] /Users/juliocasalmartin/Library/CloudStorage/Dropbox/Julio/TrendAnalyzer/deploy.sh: line 5: node: command not found
[2026-01-19 09:00:00] /Users/juliocasalmartin/Library/CloudStorage/Dropbox/Julio/TrendAnalyzer/deploy.sh: line 5: node: command not found
[2026-01-19 09:00:00] ❌ Hourly deployment failed with exit code: 127
[2026-01-19 09:00:00] ❌ Hourly deployment failed with exit code: 127
[2026-01-19 09:00:00] =========================================
[2026-01-19 09:00:00] =========================================
[2026-01-19 09:00:00] 
[2026-01-19 09:00:00] 
[2026-01-19 10:00:00] =========================================
[2026-01-19 10:00:00] =========================================
[2026-01-19 10:00:00] Starting hourly deployment
[2026-01-19 10:00:00] Starting hourly deployment
[2026-01-19 10:00:00] =========================================
[2026-01-19 10:00:00] =========================================
[2026-01-19 10:00:00] Running: /Users/juliocasalmartin/Library/CloudStorage/Dropbox/Julio/TrendAnalyzer/deploy.sh
[2026-01-19 10:00:00] Running: /Users/juliocasalmartin/Library/CloudStorage/Dropbox/Julio/TrendAnalyzer/deploy.sh
[2026-01-19 10:00:00] /Users/juliocasalmartin/Library/CloudStorage/Dropbox/Julio/TrendAnalyzer/deploy.sh: line 5: node: command not found
[2026-01-19 10:00:00] /Users/juliocasalmartin/Library/CloudStorage/Dropbox/Julio/TrendAnalyzer/deploy.sh: line 5: node: command not found
[2026-01-19 10:00:00] ❌ Hourly deployment failed with exit code: 127
[2026-01-19 10:00:00] ❌ Hourly deployment failed with exit code: 127
[2026-01-19 10:00:00] =========================================
[2026-01-19 10:00:00] =========================================
[2026-01-19 10:00:00] 
[2026-01-19 10:00:00] 
[2026-01-19 11:00:00] =========================================
[2026-01-19 11:00:00] =========================================
[2026-01-19 11:00:00] Starting hourly deployment
[2026-01-19 11:00:00] Starting hourly deployment
[2026-01-19 11:00:00] =========================================
[2026-01-19 11:00:00] =========================================
[2026-01-19 11:00:00] Running: /Users/juliocasalmartin/Library/CloudStorage/Dropbox/Julio/TrendAnalyzer/deploy.sh
[2026-01-19 11:00:00] Running: /Users/juliocasalmartin/Library/CloudStorage/Dropbox/Julio/TrendAnalyzer/deploy.sh
[2026-01-19 11:00:00] /Users/juliocasalmartin/Library/CloudStorage/Dropbox/Julio/TrendAnalyzer/deploy.sh: line 5: node: command not found
[2026-01-19 11:00:00] /Users/juliocasalmartin/Library/CloudStorage/Dropbox/Julio/TrendAnalyzer/deploy.sh: line 5: node: command not found
[2026-01-19 11:00:00] ❌ Hourly deployment failed with exit code: 127
[2026-01-19 11:00:00] ❌ Hourly deployment failed with exit code: 127
[2026-01-19 11:00:00] =========================================
[2026-01-19 11:00:00] =========================================
[2026-01-19 11:00:00] 
[2026-01-19 11:00:00] 
[2026-01-19 12:00:00] =========================================
[2026-01-19 12:00:00] =========================================
[2026-01-19 12:00:00] Starting hourly deployment
[2026-01-19 12:00:00] Starting hourly deployment
[2026-01-19 12:00:00] =========================================
[2026-01-19 12:00:00] =========================================
[2026-01-19 12:00:00] Running: /Users/juliocasalmartin/Library/CloudStorage/Dropbox/Julio/TrendAnalyzer/deploy.sh
[2026-01-19 12:00:00] Running: /Users/juliocasalmartin/Library/CloudStorage/Dropbox/Julio/TrendAnalyzer/deploy.sh
[2026-01-19 12:00:00] /Users/juliocasalmartin/Library/CloudStorage/Dropbox/Julio/TrendAnalyzer/deploy.sh: line 5: node: command not found
[2026-01-19 12:00:00] /Users/juliocasalmartin/Library/CloudStorage/Dropbox/Julio/TrendAnalyzer/deploy.sh: line 5: node: command not found
[2026-01-19 12:00:00] ❌ Hourly deployment failed with exit code: 127
[2026-01-19 12:00:00] ❌ Hourly deployment failed with exit code: 127
[2026-01-19 12:00:00] =========================================
[2026-01-19 12:00:00] =========================================
[2026-01-19 12:00:00] 
[2026-01-19 12:00:00] 
[2026-01-19 13:00:00] =========================================
[2026-01-19 13:00:00] =========================================
[2026-01-19 13:00:00] Starting hourly deployment
[2026-01-19 13:00:00] Starting hourly deployment
[2026-01-19 13:00:00] =========================================
[2026-01-19 13:00:00] =========================================
[2026-01-19 13:00:00] Running: /Users/juliocasalmartin/Library/CloudStorage/Dropbox/Julio/TrendAnalyzer/deploy.sh
[2026-01-19 13:00:00] Running: /Users/juliocasalmartin/Library/CloudStorage/Dropbox/Julio/TrendAnalyzer/deploy.sh
[2026-01-19 13:00:00] /Users/juliocasalmartin/Library/CloudStorage/Dropbox/Julio/TrendAnalyzer/deploy.sh: line 5: node: command not found
[2026-01-19 13:00:00] /Users/juliocasalmartin/Library/CloudStorage/Dropbox/Julio/TrendAnalyzer/deploy.sh: line 5: node: command not found
[2026-01-19 13:00:00] ❌ Hourly deployment failed with exit code: 127
[2026-01-19 13:00:00] ❌ Hourly deployment failed with exit code: 127
[2026-01-19 13:00:00] =========================================
[2026-01-19 13:00:00] =========================================
[2026-01-19 13:00:00] 
[2026-01-19 13:00:00] 
[2026-01-19 14:00:00] =========================================
[2026-01-19 14:00:00] =========================================
[2026-01-19 14:00:00] Starting hourly deployment
[2026-01-19 14:00:00] Starting hourly deployment
[2026-01-19 14:00:00] =========================================
[2026-01-19 14:00:00] =========================================
[2026-01-19 14:00:00] Running: /Users/juliocasalmartin/Library/CloudStorage/Dropbox/Julio/TrendAnalyzer/deploy.sh
[2026-01-19 14:00:00] Running: /Users/juliocasalmartin/Library/CloudStorage/Dropbox/Julio/TrendAnalyzer/deploy.sh
[2026-01-19 14:00:00] /Users/juliocasalmartin/Library/CloudStorage/Dropbox/Julio/TrendAnalyzer/deploy.sh: line 5: node: command not found
[2026-01-19 14:00:00] /Users/juliocasalmartin/Library/CloudStorage/Dropbox/Julio/TrendAnalyzer/deploy.sh: line 5: node: command not found
[2026-01-19 14:00:00] ❌ Hourly deployment failed with exit code: 127
[2026-01-19 14:00:00] ❌ Hourly deployment failed with exit code: 127
[2026-01-19 14:00:00] =========================================
[2026-01-19 14:00:00] =========================================
[2026-01-19 14:00:00] 
[2026-01-19 14:00:00] 
[2026-01-19 15:00:00] =========================================
[2026-01-19 15:00:00] =========================================
[2026-01-19 15:00:00] Starting hourly deployment
[2026-01-19 15:00:00] Starting hourly deployment
[2026-01-19 15:00:00] =========================================
[2026-01-19 15:00:00] =========================================
[2026-01-19 15:00:00] Running: /Users/juliocasalmartin/Library/CloudStorage/Dropbox/Julio/TrendAnalyzer/deploy.sh
[2026-01-19 15:00:00] Running: /Users/juliocasalmartin/Library/CloudStorage/Dropbox/Julio/TrendAnalyzer/deploy.sh
[2026-01-19 15:00:00] /Users/juliocasalmartin/Library/CloudStorage/Dropbox/Julio/TrendAnalyzer/deploy.sh: line 5: node: command not found
[2026-01-19 15:00:00] /Users/juliocasalmartin/Library/CloudStorage/Dropbox/Julio/TrendAnalyzer/deploy.sh: line 5: node: command not found
[2026-01-19 15:00:00] ❌ Hourly deployment failed with exit code: 127
[2026-01-19 15:00:00] ❌ Hourly deployment failed with exit code: 127
[2026-01-19 15:00:00] =========================================
[2026-01-19 15:00:00] =========================================
[2026-01-19 15:00:00] 
[2026-01-19 15:00:00] 
[2026-01-19 16:00:00] =========================================
[2026-01-19 16:00:00] =========================================
[2026-01-19 16:00:00] Starting hourly deployment
[2026-01-19 16:00:00] Starting hourly deployment
[2026-01-19 16:00:00] =========================================
[2026-01-19 16:00:00] =========================================
[2026-01-19 16:00:00] Running: /Users/juliocasalmartin/Library/CloudStorage/Dropbox/Julio/TrendAnalyzer/deploy.sh
[2026-01-19 16:00:00] Running: /Users/juliocasalmartin/Library/CloudStorage/Dropbox/Julio/TrendAnalyzer/deploy.sh
[2026-01-19 16:00:00] /Users/juliocasalmartin/Library/CloudStorage/Dropbox/Julio/TrendAnalyzer/deploy.sh: line 5: node: command not found
[2026-01-19 16:00:00] /Users/juliocasalmartin/Library/CloudStorage/Dropbox/Julio/TrendAnalyzer/deploy.sh: line 5: node: command not found
[2026-01-19 16:00:00] ❌ Hourly deployment failed with exit code: 127
[2026-01-19 16:00:00] ❌ Hourly deployment failed with exit code: 127
[2026-01-19 16:00:00] =========================================
[2026-01-19 16:00:00] =========================================
[2026-01-19 16:00:00] 
[2026-01-19 16:00:00] 
[2026-01-19 17:00:00] =========================================
[2026-01-19 17:00:00] =========================================
[2026-01-19 17:00:00] Starting hourly deployment
[2026-01-19 17:00:00] Starting hourly deployment
[2026-01-19 17:00:00] =========================================
[2026-01-19 17:00:00] =========================================
[2026-01-19 17:00:01] Running: /Users/juliocasalmartin/Library/CloudStorage/Dropbox/Julio/TrendAnalyzer/deploy.sh
[2026-01-19 17:00:01] Running: /Users/juliocasalmartin/Library/CloudStorage/Dropbox/Julio/TrendAnalyzer/deploy.sh
[2026-01-19 17:00:01] /Users/juliocasalmartin/Library/CloudStorage/Dropbox/Julio/TrendAnalyzer/deploy.sh: line 5: node: command not found
[2026-01-19 17:00:01] /Users/juliocasalmartin/Library/CloudStorage/Dropbox/Julio/TrendAnalyzer/deploy.sh: line 5: node: command not found
[2026-01-19 17:00:01] ❌ Hourly deployment failed with exit code: 127
[2026-01-19 17:00:01] ❌ Hourly deployment failed with exit code: 127
[2026-01-19 17:00:01] =========================================
[2026-01-19 17:00:01] =========================================
[2026-01-19 17:00:01] 
[2026-01-19 17:00:01] 
[2026-01-19 18:00:00] =========================================
[2026-01-19 18:00:00] =========================================
[2026-01-19 18:00:00] Starting hourly deployment
[2026-01-19 18:00:00] Starting hourly deployment
[2026-01-19 18:00:00] =========================================
[2026-01-19 18:00:00] =========================================
[2026-01-19 18:00:00] Running: /Users/juliocasalmartin/Library/CloudStorage/Dropbox/Julio/TrendAnalyzer/deploy.sh
[2026-01-19 18:00:00] Running: /Users/juliocasalmartin/Library/CloudStorage/Dropbox/Julio/TrendAnalyzer/deploy.sh
[2026-01-19 18:00:00] /Users/juliocasalmartin/Library/CloudStorage/Dropbox/Julio/TrendAnalyzer/deploy.sh: line 5: node: command not found
[2026-01-19 18:00:00] /Users/juliocasalmartin/Library/CloudStorage/Dropbox/Julio/TrendAnalyzer/deploy.sh: line 5: node: command not found
[2026-01-19 18:00:00] ❌ Hourly deployment failed with exit code: 127
[2026-01-19 18:00:00] ❌ Hourly deployment failed with exit code: 127
[2026-01-19 18:00:00] =========================================
[2026-01-19 18:00:00] =========================================
[2026-01-19 18:00:00] 
[2026-01-19 18:00:00] 
[2026-01-19 19:00:00] =========================================
[2026-01-19 19:00:00] =========================================
[2026-01-19 19:00:00] Starting hourly deployment
[2026-01-19 19:00:00] Starting hourly deployment
[2026-01-19 19:00:00] =========================================
[2026-01-19 19:00:00] =========================================
[2026-01-19 19:00:00] Running: /Users/juliocasalmartin/Library/CloudStorage/Dropbox/Julio/TrendAnalyzer/deploy.sh
[2026-01-19 19:00:00] Running: /Users/juliocasalmartin/Library/CloudStorage/Dropbox/Julio/TrendAnalyzer/deploy.sh
[2026-01-19 19:00:00] /Users/juliocasalmartin/Library/CloudStorage/Dropbox/Julio/TrendAnalyzer/deploy.sh: line 5: node: command not found
[2026-01-19 19:00:00] /Users/juliocasalmartin/Library/CloudStorage/Dropbox/Julio/TrendAnalyzer/deploy.sh: line 5: node: command not found
[2026-01-19 19:00:00] ❌ Hourly deployment failed with exit code: 127
[2026-01-19 19:00:00] ❌ Hourly deployment failed with exit code: 127
[2026-01-19 19:00:00] =========================================
[2026-01-19 19:00:00] =========================================
[2026-01-19 19:00:00] 
[2026-01-19 19:00:00] 
[2026-01-19 20:00:00] =========================================
[2026-01-19 20:00:00] =========================================
[2026-01-19 20:00:00] Starting hourly deployment
[2026-01-19 20:00:00] Starting hourly deployment
[2026-01-19 20:00:00] =========================================
[2026-01-19 20:00:00] =========================================
[2026-01-19 20:00:00] Running: /Users/juliocasalmartin/Library/CloudStorage/Dropbox/Julio/TrendAnalyzer/deploy.sh
[2026-01-19 20:00:00] Running: /Users/juliocasalmartin/Library/CloudStorage/Dropbox/Julio/TrendAnalyzer/deploy.sh
[2026-01-19 20:00:00] /Users/juliocasalmartin/Library/CloudStorage/Dropbox/Julio/TrendAnalyzer/deploy.sh: line 5: node: command not found
[2026-01-19 20:00:00] /Users/juliocasalmartin/Library/CloudStorage/Dropbox/Julio/TrendAnalyzer/deploy.sh: line 5: node: command not found
[2026-01-19 20:00:00] ❌ Hourly deployment failed with exit code: 127
[2026-01-19 20:00:00] ❌ Hourly deployment failed with exit code: 127
[2026-01-19 20:00:00] =========================================
[2026-01-19 20:00:00] =========================================
[2026-01-19 20:00:00] 
[2026-01-19 20:00:00] 
[2026-01-19 21:00:00] =========================================
[2026-01-19 21:00:00] =========================================
[2026-01-19 21:00:00] Starting hourly deployment
[2026-01-19 21:00:00] Starting hourly deployment
[2026-01-19 21:00:00] =========================================
[2026-01-19 21:00:00] =========================================
[2026-01-19 21:00:00] Running: /Users/juliocasalmartin/Library/CloudStorage/Dropbox/Julio/TrendAnalyzer/deploy.sh
[2026-01-19 21:00:00] Running: /Users/juliocasalmartin/Library/CloudStorage/Dropbox/Julio/TrendAnalyzer/deploy.sh
[2026-01-19 21:00:00] /Users/juliocasalmartin/Library/CloudStorage/Dropbox/Julio/TrendAnalyzer/deploy.sh: line 5: node: command not found
[2026-01-19 21:00:00] /Users/juliocasalmartin/Library/CloudStorage/Dropbox/Julio/TrendAnalyzer/deploy.sh: line 5: node: command not found
[2026-01-19 21:00:00] ❌ Hourly deployment failed with exit code: 127
[2026-01-19 21:00:00] ❌ Hourly deployment failed with exit code: 127
[2026-01-19 21:00:00] =========================================
[2026-01-19 21:00:00] =========================================
[2026-01-19 21:00:00] 
[2026-01-19 21:00:00] 
[2026-01-19 22:00:01] =========================================
[2026-01-19 22:00:01] =========================================
[2026-01-19 22:00:01] Starting hourly deployment
[2026-01-19 22:00:01] Starting hourly deployment
[2026-01-19 22:00:01] =========================================
[2026-01-19 22:00:01] =========================================
[2026-01-19 22:00:01] Running: /Users/juliocasalmartin/Library/CloudStorage/Dropbox/Julio/TrendAnalyzer/deploy.sh
[2026-01-19 22:00:01] Running: /Users/juliocasalmartin/Library/CloudStorage/Dropbox/Julio/TrendAnalyzer/deploy.sh
[2026-01-19 22:00:01] /Users/juliocasalmartin/Library/CloudStorage/Dropbox/Julio/TrendAnalyzer/deploy.sh: line 5: node: command not found
[2026-01-19 22:00:01] /Users/juliocasalmartin/Library/CloudStorage/Dropbox/Julio/TrendAnalyzer/deploy.sh: line 5: node: command not found
[2026-01-19 22:00:01] ❌ Hourly deployment failed with exit code: 127
[2026-01-19 22:00:01] ❌ Hourly deployment failed with exit code: 127
[2026-01-19 22:00:01] =========================================
[2026-01-19 22:00:01] =========================================
[2026-01-19 22:00:01] 
[2026-01-19 22:00:01] 
[2026-01-20 00:00:00] =========================================
[2026-01-20 00:00:00] =========================================
[2026-01-20 00:00:00] Starting hourly deployment
[2026-01-20 00:00:00] Starting hourly deployment
[2026-01-20 00:00:00] =========================================
[2026-01-20 00:00:00] =========================================
[2026-01-20 00:00:00] Running: /Users/juliocasalmartin/Library/CloudStorage/Dropbox/Julio/TrendAnalyzer/deploy.sh
[2026-01-20 00:00:00] Running: /Users/juliocasalmartin/Library/CloudStorage/Dropbox/Julio/TrendAnalyzer/deploy.sh
[2026-01-20 00:00:00] /Users/juliocasalmartin/Library/CloudStorage/Dropbox/Julio/TrendAnalyzer/deploy.sh: line 5: node: command not found
[2026-01-20 00:00:00] /Users/juliocasalmartin/Library/CloudStorage/Dropbox/Julio/TrendAnalyzer/deploy.sh: line 5: node: command not found
[2026-01-20 00:00:00] ❌ Hourly deployment failed with exit code: 127
[2026-01-20 00:00:00] ❌ Hourly deployment failed with exit code: 127
[2026-01-20 00:00:00] =========================================
[2026-01-20 00:00:00] =========================================
[2026-01-20 00:00:00] 
[2026-01-20 00:00:00] 
[2026-01-20 01:00:00] =========================================
[2026-01-20 01:00:00] =========================================
[2026-01-20 01:00:00] Starting hourly deployment
[2026-01-20 01:00:00] Starting hourly deployment
[2026-01-20 01:00:00] =========================================
[2026-01-20 01:00:00] =========================================
[2026-01-20 01:00:00] Running: /Users/juliocasalmartin/Library/CloudStorage/Dropbox/Julio/TrendAnalyzer/deploy.sh
[2026-01-20 01:00:00] Running: /Users/juliocasalmartin/Library/CloudStorage/Dropbox/Julio/TrendAnalyzer/deploy.sh
[2026-01-20 01:00:00] /Users/juliocasalmartin/Library/CloudStorage/Dropbox/Julio/TrendAnalyzer/deploy.sh: line 5: node: command not found
[2026-01-20 01:00:00] /Users/juliocasalmartin/Library/CloudStorage/Dropbox/Julio/TrendAnalyzer/deploy.sh: line 5: node: command not found
[2026-01-20 01:00:00] ❌ Hourly deployment failed with exit code: 127
[2026-01-20 01:00:00] ❌ Hourly deployment failed with exit code: 127
[2026-01-20 01:00:00] =========================================
[2026-01-20 01:00:00] =========================================
[2026-01-20 01:00:00] 
[2026-01-20 01:00:00] 
[2026-01-20 02:00:00] =========================================
[2026-01-20 02:00:00] =========================================
[2026-01-20 02:00:00] Starting hourly deployment
[2026-01-20 02:00:00] Starting hourly deployment
[2026-01-20 02:00:00] =========================================
[2026-01-20 02:00:00] =========================================
[2026-01-20 02:00:00] Running: /Users/juliocasalmartin/Library/CloudStorage/Dropbox/Julio/TrendAnalyzer/deploy.sh
[2026-01-20 02:00:00] Running: /Users/juliocasalmartin/Library/CloudStorage/Dropbox/Julio/TrendAnalyzer/deploy.sh
[2026-01-20 02:00:00] /Users/juliocasalmartin/Library/CloudStorage/Dropbox/Julio/TrendAnalyzer/deploy.sh: line 5: node: command not found
[2026-01-20 02:00:00] /Users/juliocasalmartin/Library/CloudStorage/Dropbox/Julio/TrendAnalyzer/deploy.sh: line 5: node: command not found
[2026-01-20 02:00:00] ❌ Hourly deployment failed with exit code: 127
[2026-01-20 02:00:00] ❌ Hourly deployment failed with exit code: 127
[2026-01-20 02:00:00] =========================================
[2026-01-20 02:00:00] =========================================
[2026-01-20 02:00:00] 
[2026-01-20 02:00:00] 
[2026-01-20 14:00:00] =========================================
[2026-01-20 14:00:00] =========================================
[2026-01-20 14:00:00] Starting hourly deployment
[2026-01-20 14:00:00] Starting hourly deployment
[2026-01-20 14:00:00] =========================================
[2026-01-20 14:00:00] =========================================
[2026-01-20 14:00:00] Running: /Users/juliocasalmartin/Library/CloudStorage/Dropbox/Julio/TrendAnalyzer/deploy.sh
[2026-01-20 14:00:00] Running: /Users/juliocasalmartin/Library/CloudStorage/Dropbox/Julio/TrendAnalyzer/deploy.sh
[2026-01-20 14:00:00] /Users/juliocasalmartin/Library/CloudStorage/Dropbox/Julio/TrendAnalyzer/deploy.sh: line 5: node: command not found
[2026-01-20 14:00:00] /Users/juliocasalmartin/Library/CloudStorage/Dropbox/Julio/TrendAnalyzer/deploy.sh: line 5: node: command not found
[2026-01-20 14:00:00] ❌ Hourly deployment failed with exit code: 127
[2026-01-20 14:00:00] ❌ Hourly deployment failed with exit code: 127
[2026-01-20 14:00:00] =========================================
[2026-01-20 14:00:00] =========================================
[2026-01-20 14:00:00] 
[2026-01-20 14:00:00] 
[2026-01-20 15:00:00] =========================================
[2026-01-20 15:00:00] =========================================
[2026-01-20 15:00:00] Starting hourly deployment
[2026-01-20 15:00:00] Starting hourly deployment
[2026-01-20 15:00:00] =========================================
[2026-01-20 15:00:00] =========================================
[2026-01-20 15:00:00] Running: /Users/juliocasalmartin/Library/CloudStorage/Dropbox/Julio/TrendAnalyzer/deploy.sh
[2026-01-20 15:00:00] Running: /Users/juliocasalmartin/Library/CloudStorage/Dropbox/Julio/TrendAnalyzer/deploy.sh
[2026-01-20 15:00:00] /Users/juliocasalmartin/Library/CloudStorage/Dropbox/Julio/TrendAnalyzer/deploy.sh: line 5: node: command not found
[2026-01-20 15:00:00] /Users/juliocasalmartin/Library/CloudStorage/Dropbox/Julio/TrendAnalyzer/deploy.sh: line 5: node: command not found
[2026-01-20 15:00:00] ❌ Hourly deployment failed with exit code: 127
[2026-01-20 15:00:00] ❌ Hourly deployment failed with exit code: 127
[2026-01-20 15:00:00] =========================================
[2026-01-20 15:00:00] =========================================
[2026-01-20 15:00:00] 
[2026-01-20 15:00:00] 
[2026-01-20 16:00:00] =========================================
[2026-01-20 16:00:00] =========================================
[2026-01-20 16:00:00] Starting hourly deployment
[2026-01-20 16:00:00] Starting hourly deployment
[2026-01-20 16:00:00] =========================================
[2026-01-20 16:00:00] =========================================
[2026-01-20 16:00:00] Running: /Users/juliocasalmartin/Library/CloudStorage/Dropbox/Julio/TrendAnalyzer/deploy.sh
[2026-01-20 16:00:00] Running: /Users/juliocasalmartin/Library/CloudStorage/Dropbox/Julio/TrendAnalyzer/deploy.sh
[2026-01-20 16:00:00] /Users/juliocasalmartin/Library/CloudStorage/Dropbox/Julio/TrendAnalyzer/deploy.sh: line 5: node: command not found
[2026-01-20 16:00:00] /Users/juliocasalmartin/Library/CloudStorage/Dropbox/Julio/TrendAnalyzer/deploy.sh: line 5: node: command not found
[2026-01-20 16:00:00] ❌ Hourly deployment failed with exit code: 127
[2026-01-20 16:00:00] ❌ Hourly deployment failed with exit code: 127
[2026-01-20 16:00:00] =========================================
[2026-01-20 16:00:00] =========================================
[2026-01-20 16:00:00] 
[2026-01-20 16:00:00] 
[2026-01-20 17:00:00] =========================================
[2026-01-20 17:00:00] =========================================
[2026-01-20 17:00:00] Starting hourly deployment
[2026-01-20 17:00:00] Starting hourly deployment
[2026-01-20 17:00:00] =========================================
[2026-01-20 17:00:00] =========================================
[2026-01-20 17:00:00] Running: /Users/juliocasalmartin/Library/CloudStorage/Dropbox/Julio/TrendAnalyzer/deploy.sh
[2026-01-20 17:00:00] Running: /Users/juliocasalmartin/Library/CloudStorage/Dropbox/Julio/TrendAnalyzer/deploy.sh
[2026-01-20 17:00:00] /Users/juliocasalmartin/Library/CloudStorage/Dropbox/Julio/TrendAnalyzer/deploy.sh: line 5: node: command not found
[2026-01-20 17:00:00] /Users/juliocasalmartin/Library/CloudStorage/Dropbox/Julio/TrendAnalyzer/deploy.sh: line 5: node: command not found
[2026-01-20 17:00:00] ❌ Hourly deployment failed with exit code: 127
[2026-01-20 17:00:00] ❌ Hourly deployment failed with exit code: 127
[2026-01-20 17:00:00] =========================================
[2026-01-20 17:00:00] =========================================
[2026-01-20 17:00:00] 
[2026-01-20 17:00:00] 
[2026-01-20 19:00:00] =========================================
[2026-01-20 19:00:00] =========================================
[2026-01-20 19:00:00] Starting hourly deployment
[2026-01-20 19:00:00] Starting hourly deployment
[2026-01-20 19:00:00] =========================================
[2026-01-20 19:00:00] =========================================
[2026-01-20 19:00:00] Running: /Users/juliocasalmartin/Library/CloudStorage/Dropbox/Julio/TrendAnalyzer/deploy.sh
[2026-01-20 19:00:00] Running: /Users/juliocasalmartin/Library/CloudStorage/Dropbox/Julio/TrendAnalyzer/deploy.sh
[2026-01-20 19:00:00] /Users/juliocasalmartin/Library/CloudStorage/Dropbox/Julio/TrendAnalyzer/deploy.sh: line 5: node: command not found
[2026-01-20 19:00:00] /Users/juliocasalmartin/Library/CloudStorage/Dropbox/Julio/TrendAnalyzer/deploy.sh: line 5: node: command not found
[2026-01-20 19:00:00] ❌ Hourly deployment failed with exit code: 127
[2026-01-20 19:00:00] ❌ Hourly deployment failed with exit code: 127
[2026-01-20 19:00:00] =========================================
[2026-01-20 19:00:00] =========================================
[2026-01-20 19:00:00] 
[2026-01-20 19:00:00] 
[2026-01-20 23:00:03] =========================================
[2026-01-20 23:00:03] =========================================
[2026-01-20 23:00:03] Starting hourly deployment
[2026-01-20 23:00:03] Starting hourly deployment
[2026-01-20 23:00:03] =========================================
[2026-01-20 23:00:03] =========================================
[2026-01-20 23:00:03] Running: /Users/juliocasalmartin/Library/CloudStorage/Dropbox/Julio/TrendAnalyzer/deploy.sh
[2026-01-20 23:00:03] Running: /Users/juliocasalmartin/Library/CloudStorage/Dropbox/Julio/TrendAnalyzer/deploy.sh
[2026-01-20 23:00:03] /Users/juliocasalmartin/Library/CloudStorage/Dropbox/Julio/TrendAnalyzer/deploy.sh: line 5: node: command not found
[2026-01-20 23:00:03] /Users/juliocasalmartin/Library/CloudStorage/Dropbox/Julio/TrendAnalyzer/deploy.sh: line 5: node: command not found
[2026-01-20 23:00:03] ❌ Hourly deployment failed with exit code: 127
[2026-01-20 23:00:03] ❌ Hourly deployment failed with exit code: 127
[2026-01-20 23:00:03] =========================================
[2026-01-20 23:00:03] =========================================
[2026-01-20 23:00:03] 
[2026-01-20 23:00:03] 
[2026-01-21 00:00:00] =========================================
[2026-01-21 00:00:00] =========================================
[2026-01-21 00:00:00] Starting hourly deployment
[2026-01-21 00:00:00] Starting hourly deployment
[2026-01-21 00:00:00] =========================================
[2026-01-21 00:00:00] =========================================
[2026-01-21 00:00:00] Running: /Users/juliocasalmartin/Library/CloudStorage/Dropbox/Julio/TrendAnalyzer/deploy.sh
[2026-01-21 00:00:00] Running: /Users/juliocasalmartin/Library/CloudStorage/Dropbox/Julio/TrendAnalyzer/deploy.sh
[2026-01-21 00:00:01] /Users/juliocasalmartin/Library/CloudStorage/Dropbox/Julio/TrendAnalyzer/deploy.sh: line 5: node: command not found
[2026-01-21 00:00:01] /Users/juliocasalmartin/Library/CloudStorage/Dropbox/Julio/TrendAnalyzer/deploy.sh: line 5: node: command not found
[2026-01-21 00:00:01] ❌ Hourly deployment failed with exit code: 127
[2026-01-21 00:00:01] ❌ Hourly deployment failed with exit code: 127
[2026-01-21 00:00:01] =========================================
[2026-01-21 00:00:01] =========================================
[2026-01-21 00:00:01] 
[2026-01-21 00:00:01] 
[2026-01-21 01:00:00] =========================================
[2026-01-21 01:00:00] =========================================
[2026-01-21 01:00:00] Starting hourly deployment
[2026-01-21 01:00:00] Starting hourly deployment
[2026-01-21 01:00:00] =========================================
[2026-01-21 01:00:00] =========================================
[2026-01-21 01:00:00] Running: /Users/juliocasalmartin/Library/CloudStorage/Dropbox/Julio/TrendAnalyzer/deploy.sh
[2026-01-21 01:00:00] Running: /Users/juliocasalmartin/Library/CloudStorage/Dropbox/Julio/TrendAnalyzer/deploy.sh
[2026-01-21 01:00:00] /Users/juliocasalmartin/Library/CloudStorage/Dropbox/Julio/TrendAnalyzer/deploy.sh: line 5: node: command not found
[2026-01-21 01:00:00] /Users/juliocasalmartin/Library/CloudStorage/Dropbox/Julio/TrendAnalyzer/deploy.sh: line 5: node: command not found
[2026-01-21 01:00:00] ❌ Hourly deployment failed with exit code: 127
[2026-01-21 01:00:00] ❌ Hourly deployment failed with exit code: 127
[2026-01-21 01:00:00] =========================================
[2026-01-21 01:00:00] =========================================
[2026-01-21 01:00:00] 
[2026-01-21 01:00:00] 
[2026-01-21 02:00:00] =========================================
[2026-01-21 02:00:00] =========================================
[2026-01-21 02:00:00] Starting hourly deployment
[2026-01-21 02:00:00] Starting hourly deployment
[2026-01-21 02:00:00] =========================================
[2026-01-21 02:00:00] =========================================
[2026-01-21 02:00:00] Running: /Users/juliocasalmartin/Library/CloudStorage/Dropbox/Julio/TrendAnalyzer/deploy.sh
[2026-01-21 02:00:00] Running: /Users/juliocasalmartin/Library/CloudStorage/Dropbox/Julio/TrendAnalyzer/deploy.sh
[2026-01-21 02:00:00] /Users/juliocasalmartin/Library/CloudStorage/Dropbox/Julio/TrendAnalyzer/deploy.sh: line 5: node: command not found
[2026-01-21 02:00:00] /Users/juliocasalmartin/Library/CloudStorage/Dropbox/Julio/TrendAnalyzer/deploy.sh: line 5: node: command not found
[2026-01-21 02:00:00] ❌ Hourly deployment failed with exit code: 127
[2026-01-21 02:00:00] ❌ Hourly deployment failed with exit code: 127
[2026-01-21 02:00:00] =========================================
[2026-01-21 02:00:00] =========================================
[2026-01-21 02:00:00] 
[2026-01-21 02:00:00] 
[2026-01-21 03:00:00] =========================================
[2026-01-21 03:00:00] =========================================
[2026-01-21 03:00:00] Starting hourly deployment
[2026-01-21 03:00:00] Starting hourly deployment
[2026-01-21 03:00:00] =========================================
[2026-01-21 03:00:00] =========================================
[2026-01-21 03:00:00] Running: /Users/juliocasalmartin/Library/CloudStorage/Dropbox/Julio/TrendAnalyzer/deploy.sh
[2026-01-21 03:00:00] Running: /Users/juliocasalmartin/Library/CloudStorage/Dropbox/Julio/TrendAnalyzer/deploy.sh
[2026-01-21 03:00:00] /Users/juliocasalmartin/Library/CloudStorage/Dropbox/Julio/TrendAnalyzer/deploy.sh: line 5: node: command not found
[2026-01-21 03:00:00] /Users/juliocasalmartin/Library/CloudStorage/Dropbox/Julio/TrendAnalyzer/deploy.sh: line 5: node: command not found
[2026-01-21 03:00:00] ❌ Hourly deployment failed with exit code: 127
[2026-01-21 03:00:00] ❌ Hourly deployment failed with exit code: 127
[2026-01-21 03:00:00] =========================================
[2026-01-21 03:00:00] =========================================
[2026-01-21 03:00:00] 
[2026-01-21 03:00:00] 
[2026-01-21 13:01:45] =========================================
[2026-01-21 13:01:45] =========================================
[2026-01-21 13:01:45] Starting hourly deployment
[2026-01-21 13:01:45] Starting hourly deployment
[2026-01-21 13:01:45] =========================================
[2026-01-21 13:01:45] =========================================
[2026-01-21 13:01:45] Running: /Users/juliocasalmartin/Library/CloudStorage/Dropbox/Julio/TrendAnalyzer/deploy.sh
[2026-01-21 13:01:45] Running: /Users/juliocasalmartin/Library/CloudStorage/Dropbox/Julio/TrendAnalyzer/deploy.sh
[2026-01-21 13:01:45] /Users/juliocasalmartin/Library/CloudStorage/Dropbox/Julio/TrendAnalyzer/deploy.sh: line 5: node: command not found
[2026-01-21 13:01:45] /Users/juliocasalmartin/Library/CloudStorage/Dropbox/Julio/TrendAnalyzer/deploy.sh: line 5: node: command not found
[2026-01-21 13:01:45] ❌ Hourly deployment failed with exit code: 127
[2026-01-21 13:01:45] ❌ Hourly deployment failed with exit code: 127
[2026-01-21 13:01:45] =========================================
[2026-01-21 13:01:45] =========================================
[2026-01-21 13:01:45] 
[2026-01-21 13:01:45] 
[2026-01-21 14:00:00] =========================================
[2026-01-21 14:00:00] =========================================
[2026-01-21 14:00:00] Starting hourly deployment
[2026-01-21 14:00:00] Starting hourly deployment
[2026-01-21 14:00:00] =========================================
[2026-01-21 14:00:00] =========================================
[2026-01-21 14:00:00] Running: /Users/juliocasalmartin/Library/CloudStorage/Dropbox/Julio/TrendAnalyzer/deploy.sh
[2026-01-21 14:00:00] Running: /Users/juliocasalmartin/Library/CloudStorage/Dropbox/Julio/TrendAnalyzer/deploy.sh
[2026-01-21 14:00:00] /Users/juliocasalmartin/Library/CloudStorage/Dropbox/Julio/TrendAnalyzer/deploy.sh: line 5: node: command not found
[2026-01-21 14:00:00] /Users/juliocasalmartin/Library/CloudStorage/Dropbox/Julio/TrendAnalyzer/deploy.sh: line 5: node: command not found
[2026-01-21 14:00:00] ❌ Hourly deployment failed with exit code: 127
[2026-01-21 14:00:00] ❌ Hourly deployment failed with exit code: 127
[2026-01-21 14:00:00] =========================================
[2026-01-21 14:00:00] =========================================
[2026-01-21 14:00:00] 
[2026-01-21 14:00:00] 
[2026-01-21 15:00:00] =========================================
[2026-01-21 15:00:00] =========================================
[2026-01-21 15:00:00] Starting hourly deployment
[2026-01-21 15:00:00] Starting hourly deployment
[2026-01-21 15:00:00] =========================================
[2026-01-21 15:00:00] =========================================
[2026-01-21 15:00:00] Running: /Users/juliocasalmartin/Library/CloudStorage/Dropbox/Julio/TrendAnalyzer/deploy.sh
[2026-01-21 15:00:00] Running: /Users/juliocasalmartin/Library/CloudStorage/Dropbox/Julio/TrendAnalyzer/deploy.sh
[2026-01-21 15:00:00] /Users/juliocasalmartin/Library/CloudStorage/Dropbox/Julio/TrendAnalyzer/deploy.sh: line 5: node: command not found
[2026-01-21 15:00:00] /Users/juliocasalmartin/Library/CloudStorage/Dropbox/Julio/TrendAnalyzer/deploy.sh: line 5: node: command not found
[2026-01-21 15:00:00] ❌ Hourly deployment failed with exit code: 127
[2026-01-21 15:00:00] ❌ Hourly deployment failed with exit code: 127
[2026-01-21 15:00:00] =========================================
[2026-01-21 15:00:00] =========================================
[2026-01-21 15:00:00] 
[2026-01-21 15:00:00] 
[2026-01-21 22:00:00] =========================================
[2026-01-21 22:00:00] =========================================
[2026-01-21 22:00:00] Starting hourly deployment
[2026-01-21 22:00:00] Starting hourly deployment
[2026-01-21 22:00:00] =========================================
[2026-01-21 22:00:00] =========================================
[2026-01-21 22:00:00] Running: /Users/juliocasalmartin/Library/CloudStorage/Dropbox/Julio/TrendAnalyzer/deploy.sh
[2026-01-21 22:00:00] Running: /Users/juliocasalmartin/Library/CloudStorage/Dropbox/Julio/TrendAnalyzer/deploy.sh
[2026-01-21 22:00:00] /Users/juliocasalmartin/Library/CloudStorage/Dropbox/Julio/TrendAnalyzer/deploy.sh: line 5: node: command not found
[2026-01-21 22:00:00] /Users/juliocasalmartin/Library/CloudStorage/Dropbox/Julio/TrendAnalyzer/deploy.sh: line 5: node: command not found
[2026-01-21 22:00:00] ❌ Hourly deployment failed with exit code: 127
[2026-01-21 22:00:00] ❌ Hourly deployment failed with exit code: 127
[2026-01-21 22:00:00] =========================================
[2026-01-21 22:00:00] =========================================
[2026-01-21 22:00:00] 
[2026-01-21 22:00:00] 
[2026-01-21 23:00:00] =========================================
[2026-01-21 23:00:00] =========================================
[2026-01-21 23:00:00] Starting hourly deployment
[2026-01-21 23:00:00] Starting hourly deployment
[2026-01-21 23:00:00] =========================================
[2026-01-21 23:00:00] =========================================
[2026-01-21 23:00:00] Running: /Users/juliocasalmartin/Library/CloudStorage/Dropbox/Julio/TrendAnalyzer/deploy.sh
[2026-01-21 23:00:00] Running: /Users/juliocasalmartin/Library/CloudStorage/Dropbox/Julio/TrendAnalyzer/deploy.sh
[2026-01-21 23:00:00] /Users/juliocasalmartin/Library/CloudStorage/Dropbox/Julio/TrendAnalyzer/deploy.sh: line 5: node: command not found
[2026-01-21 23:00:00] /Users/juliocasalmartin/Library/CloudStorage/Dropbox/Julio/TrendAnalyzer/deploy.sh: line 5: node: command not found
[2026-01-21 23:00:00] ❌ Hourly deployment failed with exit code: 127
[2026-01-21 23:00:00] ❌ Hourly deployment failed with exit code: 127
[2026-01-21 23:00:00] =========================================
[2026-01-21 23:00:00] =========================================
[2026-01-21 23:00:00] 
[2026-01-21 23:00:00] 
[2026-01-22 00:00:01] =========================================
[2026-01-22 00:00:01] =========================================
[2026-01-22 00:00:01] Starting hourly deployment
[2026-01-22 00:00:01] Starting hourly deployment
[2026-01-22 00:00:01] =========================================
[2026-01-22 00:00:01] =========================================
[2026-01-22 00:00:01] Running: /Users/juliocasalmartin/Library/CloudStorage/Dropbox/Julio/TrendAnalyzer/deploy.sh
[2026-01-22 00:00:01] Running: /Users/juliocasalmartin/Library/CloudStorage/Dropbox/Julio/TrendAnalyzer/deploy.sh
[2026-01-22 00:00:01] /Users/juliocasalmartin/Library/CloudStorage/Dropbox/Julio/TrendAnalyzer/deploy.sh: line 5: node: command not found
[2026-01-22 00:00:01] /Users/juliocasalmartin/Library/CloudStorage/Dropbox/Julio/TrendAnalyzer/deploy.sh: line 5: node: command not found
[2026-01-22 00:00:01] ❌ Hourly deployment failed with exit code: 127
[2026-01-22 00:00:01] ❌ Hourly deployment failed with exit code: 127
[2026-01-22 00:00:01] =========================================
[2026-01-22 00:00:01] =========================================
[2026-01-22 00:00:01] 
[2026-01-22 00:00:01] 
